Copyright 1986-2018 Xilinx, Inc. All Rights Reserved.
------------------------------------------------------------------------------------
| Tool Version : Vivado v.2018.3 (win64) Build 2405991 Thu Dec  6 23:38:27 MST 2018
| Date         : Tue Jan 14 11:21:46 2020
| Host         : DESKTOP-AB83B2T running 64-bit major release  (build 9200)
| Command      : report_control_sets -verbose -file opt_report_control_sets_0.rpt
| Design       : softmax
| Device       : xc7vx485t
------------------------------------------------------------------------------------

Control Set Information

Table of Contents
-----------------
1. Summary
2. Histogram
3. Flip-Flop Distribution
4. Detailed Control Set Information

1. Summary
----------

+----------------------------------------------------------+-------+
|                          Status                          | Count |
+----------------------------------------------------------+-------+
| Number of unique control sets                            |   245 |
| Unused register locations in slices containing registers |   380 |
+----------------------------------------------------------+-------+


2. Histogram
------------

+--------+--------------+
| Fanout | Control Sets |
+--------+--------------+
|      1 |           10 |
|      5 |           19 |
|      6 |           10 |
|      8 |           20 |
|      9 |           29 |
|    16+ |          157 |
+--------+--------------+


3. Flip-Flop Distribution
-------------------------

+--------------+-----------------------+------------------------+-----------------+--------------+
| Clock Enable | Synchronous Set/Reset | Asynchronous Set/Reset | Total Registers | Total Slices |
+--------------+-----------------------+------------------------+-----------------+--------------+
| No           | No                    | No                     |           10592 |            0 |
| No           | No                    | Yes                    |               0 |            0 |
| No           | Yes                   | No                     |             906 |            0 |
| Yes          | No                    | No                     |            2226 |            0 |
| Yes          | No                    | Yes                    |               0 |            0 |
| Yes          | Yes                   | No                     |               0 |            0 |
+--------------+-----------------------+------------------------+-----------------+--------------+


4. Detailed Control Set Information
-----------------------------------

+-----------------+-----------------------------------------------------------------------------------------------------------+--------------------------------------------------------------------------------------------------------------------------------------+------------------+----------------+
|   Clock Signal  |                                               Enable Signal                                               |                                                           Set/Reset Signal                                                           | Slice Load Count | Bel Load Count |
+-----------------+-----------------------------------------------------------------------------------------------------------+--------------------------------------------------------------------------------------------------------------------------------------+------------------+----------------+
|  aclk_IBUF_BUFG |                                                                                                           | getf/getresult5/U0/i_synth/DIV_OP.SPD.OP/EXP/STATE_DELAY/i_pipe/Q[0]                                                                 |                0 |              1 |
|  aclk_IBUF_BUFG |                                                                                                           | getf/getresult6/U0/i_synth/DIV_OP.SPD.OP/EXP/STATE_DELAY/i_pipe/Q[0]                                                                 |                0 |              1 |
|  aclk_IBUF_BUFG |                                                                                                           | getf/getresult1/U0/i_synth/DIV_OP.SPD.OP/EXP/STATE_DELAY/i_pipe/Q[0]                                                                 |                0 |              1 |
|  aclk_IBUF_BUFG |                                                                                                           | getf/getresult7/U0/i_synth/DIV_OP.SPD.OP/EXP/STATE_DELAY/i_pipe/Q[0]                                                                 |                0 |              1 |
|  aclk_IBUF_BUFG |                                                                                                           | getf/getresult8/U0/i_synth/DIV_OP.SPD.OP/EXP/STATE_DELAY/i_pipe/Q[0]                                                                 |                0 |              1 |
|  aclk_IBUF_BUFG |                                                                                                           | getf/getresult9/U0/i_synth/DIV_OP.SPD.OP/EXP/STATE_DELAY/i_pipe/Q[0]                                                                 |                0 |              1 |
|  aclk_IBUF_BUFG |                                                                                                           | getf/getresult0/U0/i_synth/DIV_OP.SPD.OP/EXP/STATE_DELAY/i_pipe/Q[0]                                                                 |                0 |              1 |
|  aclk_IBUF_BUFG |                                                                                                           | getf/getresult2/U0/i_synth/DIV_OP.SPD.OP/EXP/STATE_DELAY/i_pipe/Q[0]                                                                 |                0 |              1 |
|  aclk_IBUF_BUFG |                                                                                                           | getf/getresult3/U0/i_synth/DIV_OP.SPD.OP/EXP/STATE_DELAY/i_pipe/Q[0]                                                                 |                0 |              1 |
|  aclk_IBUF_BUFG |                                                                                                           | getf/getresult4/U0/i_synth/DIV_OP.SPD.OP/EXP/STATE_DELAY/i_pipe/Q[0]                                                                 |                0 |              1 |
|  aclk_IBUF_BUFG |                                                                                                           | getf/getf/U0/i_synth/ADDSUB_OP.ADDSUB/SPEED_OP.DSP.OP/DSP48E1_BODY_HP.EXP/DEC_STATE_PRE_OP_DELAY/i_pipe/op_state[1]                  |                0 |              5 |
|  aclk_IBUF_BUFG | getaddr/addra10                                                                                           |                                                                                                                                      |                0 |              5 |
|  aclk_IBUF_BUFG | getaddr/addra00                                                                                           |                                                                                                                                      |                0 |              5 |
|  aclk_IBUF_BUFG |                                                                                                           | getf/getf0/U0/i_synth/ADDSUB_OP.ADDSUB/SPEED_OP.DSP.OP/DSP48E1_BODY_HP.EXP/DEC_STATE_PRE_OP_DELAY/i_pipe/op_state[1]                 |                0 |              5 |
|  aclk_IBUF_BUFG |                                                                                                           | getf/getf1/U0/i_synth/ADDSUB_OP.ADDSUB/SPEED_OP.DSP.OP/DSP48E1_BODY_HP.EXP/DEC_STATE_PRE_OP_DELAY/i_pipe/op_state[1]                 |                0 |              5 |
|  aclk_IBUF_BUFG | getaddr/addra90                                                                                           |                                                                                                                                      |                0 |              5 |
|  aclk_IBUF_BUFG |                                                                                                           | getf/getf2/U0/i_synth/ADDSUB_OP.ADDSUB/SPEED_OP.DSP.OP/DSP48E1_BODY_HP.EXP/DEC_STATE_PRE_OP_DELAY/i_pipe/op_state[1]                 |                0 |              5 |
|  aclk_IBUF_BUFG |                                                                                                           | getf/getf3/U0/i_synth/ADDSUB_OP.ADDSUB/SPEED_OP.DSP.OP/DSP48E1_BODY_HP.EXP/DEC_STATE_PRE_OP_DELAY/i_pipe/op_state[1]                 |                0 |              5 |
|  aclk_IBUF_BUFG | getaddr/addra80                                                                                           |                                                                                                                                      |                0 |              5 |
|  aclk_IBUF_BUFG |                                                                                                           | getf/getf5/U0/i_synth/ADDSUB_OP.ADDSUB/SPEED_OP.DSP.OP/DSP48E1_BODY_HP.EXP/DEC_STATE_PRE_OP_DELAY/i_pipe/op_state[1]                 |                0 |              5 |
|  aclk_IBUF_BUFG | getaddr/addra70                                                                                           |                                                                                                                                      |                0 |              5 |
|  aclk_IBUF_BUFG |                                                                                                           | getf/getf6/U0/i_synth/ADDSUB_OP.ADDSUB/SPEED_OP.DSP.OP/DSP48E1_BODY_HP.EXP/DEC_STATE_PRE_OP_DELAY/i_pipe/op_state[1]                 |                0 |              5 |
|  aclk_IBUF_BUFG |                                                                                                           | getf/getf7/U0/i_synth/ADDSUB_OP.ADDSUB/SPEED_OP.DSP.OP/DSP48E1_BODY_HP.EXP/DEC_STATE_PRE_OP_DELAY/i_pipe/op_state[1]                 |                0 |              5 |
|  aclk_IBUF_BUFG | getaddr/addra60                                                                                           |                                                                                                                                      |                0 |              5 |
|  aclk_IBUF_BUFG | getaddr/addra20                                                                                           |                                                                                                                                      |                0 |              5 |
|  aclk_IBUF_BUFG |                                                                                                           | getf/getf4/U0/i_synth/ADDSUB_OP.ADDSUB/SPEED_OP.DSP.OP/DSP48E1_BODY_HP.EXP/DEC_STATE_PRE_OP_DELAY/i_pipe/op_state[1]                 |                0 |              5 |
|  aclk_IBUF_BUFG | getaddr/addra50                                                                                           |                                                                                                                                      |                0 |              5 |
|  aclk_IBUF_BUFG | getaddr/addra40                                                                                           |                                                                                                                                      |                0 |              5 |
|  aclk_IBUF_BUFG | getaddr/addra30                                                                                           |                                                                                                                                      |                0 |              5 |
|  aclk_IBUF_BUFG |                                                                                                           | gety/gety4/U0/i_synth/FMA_OP.OP/addsub/add/ALIGN_BLK/ABS_DELAY/i_pipe/opt_has_pipe.first_q_reg[1]_0                                  |                0 |              6 |
|  aclk_IBUF_BUFG |                                                                                                           | gety/gety5/U0/i_synth/FMA_OP.OP/addsub/add/ALIGN_BLK/ABS_DELAY/i_pipe/opt_has_pipe.first_q_reg[1]_0                                  |                0 |              6 |
|  aclk_IBUF_BUFG |                                                                                                           | gety/gety6/U0/i_synth/FMA_OP.OP/addsub/add/ALIGN_BLK/ABS_DELAY/i_pipe/opt_has_pipe.first_q_reg[1]_0                                  |                0 |              6 |
|  aclk_IBUF_BUFG |                                                                                                           | gety/gety7/U0/i_synth/FMA_OP.OP/addsub/add/ALIGN_BLK/ABS_DELAY/i_pipe/opt_has_pipe.first_q_reg[1]_0                                  |                0 |              6 |
|  aclk_IBUF_BUFG |                                                                                                           | gety/gety0/U0/i_synth/FMA_OP.OP/addsub/add/ALIGN_BLK/ABS_DELAY/i_pipe/opt_has_pipe.first_q_reg[1]_0                                  |                0 |              6 |
|  aclk_IBUF_BUFG |                                                                                                           | gety/gety8/U0/i_synth/FMA_OP.OP/addsub/add/ALIGN_BLK/ABS_DELAY/i_pipe/opt_has_pipe.first_q_reg[1]_0                                  |                0 |              6 |
|  aclk_IBUF_BUFG |                                                                                                           | gety/gety1/U0/i_synth/FMA_OP.OP/addsub/add/ALIGN_BLK/ABS_DELAY/i_pipe/opt_has_pipe.first_q_reg[1]_0                                  |                0 |              6 |
|  aclk_IBUF_BUFG |                                                                                                           | gety/gety2/U0/i_synth/FMA_OP.OP/addsub/add/ALIGN_BLK/ABS_DELAY/i_pipe/opt_has_pipe.first_q_reg[1]_0                                  |                0 |              6 |
|  aclk_IBUF_BUFG |                                                                                                           | gety/gety9/U0/i_synth/FMA_OP.OP/addsub/add/ALIGN_BLK/ABS_DELAY/i_pipe/opt_has_pipe.first_q_reg[1]_0                                  |                0 |              6 |
|  aclk_IBUF_BUFG |                                                                                                           | gety/gety3/U0/i_synth/FMA_OP.OP/addsub/add/ALIGN_BLK/ABS_DELAY/i_pipe/opt_has_pipe.first_q_reg[1]_0                                  |                0 |              6 |
|  aclk_IBUF_BUFG |                                                                                                           | gety/gety1/U0/i_synth/FMA_OP.OP/addsub/add/ALIGN_BLK/ABS_DELAY/i_pipe/first_q[4]                                                     |                0 |              8 |
|  aclk_IBUF_BUFG |                                                                                                           | gety/gety9/U0/i_synth/FMA_OP.OP/addsub/add/ALIGN_BLK/ABS_DELAY/i_pipe/first_q[4]                                                     |                0 |              8 |
|  aclk_IBUF_BUFG |                                                                                                           | gety/gety6/U0/i_synth/FMA_OP.OP/addsub/add/ALIGN_BLK/ABS_DELAY/i_pipe/first_q[4]                                                     |                0 |              8 |
|  aclk_IBUF_BUFG |                                                                                                           | gety/gety0/U0/i_synth/FMA_OP.OP/addsub/add/ALIGN_BLK/ABS_DELAY/i_pipe/first_q[4]                                                     |                0 |              8 |
|  aclk_IBUF_BUFG |                                                                                                           | gety/gety2/U0/i_synth/FMA_OP.OP/addsub/add/ALIGN_BLK/ABS_DELAY/i_pipe/opt_has_pipe.first_q_reg[3]_0                                  |                0 |              8 |
|  aclk_IBUF_BUFG |                                                                                                           | gety/gety4/U0/i_synth/FMA_OP.OP/addsub/add/ALIGN_BLK/ABS_DELAY/i_pipe/first_q[4]                                                     |                0 |              8 |
|  aclk_IBUF_BUFG |                                                                                                           | gety/gety4/U0/i_synth/FMA_OP.OP/addsub/add/ALIGN_BLK/ABS_DELAY/i_pipe/opt_has_pipe.first_q_reg[3]_0                                  |                0 |              8 |
|  aclk_IBUF_BUFG |                                                                                                           | gety/gety0/U0/i_synth/FMA_OP.OP/addsub/add/ALIGN_BLK/ABS_DELAY/i_pipe/opt_has_pipe.first_q_reg[3]_0                                  |                0 |              8 |
|  aclk_IBUF_BUFG |                                                                                                           | gety/gety5/U0/i_synth/FMA_OP.OP/addsub/add/ALIGN_BLK/ABS_DELAY/i_pipe/opt_has_pipe.first_q_reg[3]_0                                  |                0 |              8 |
|  aclk_IBUF_BUFG |                                                                                                           | gety/gety5/U0/i_synth/FMA_OP.OP/addsub/add/ALIGN_BLK/ABS_DELAY/i_pipe/first_q[4]                                                     |                0 |              8 |
|  aclk_IBUF_BUFG |                                                                                                           | gety/gety8/U0/i_synth/FMA_OP.OP/addsub/add/ALIGN_BLK/ABS_DELAY/i_pipe/opt_has_pipe.first_q_reg[3]_0                                  |                0 |              8 |
|  aclk_IBUF_BUFG |                                                                                                           | gety/gety6/U0/i_synth/FMA_OP.OP/addsub/add/ALIGN_BLK/ABS_DELAY/i_pipe/opt_has_pipe.first_q_reg[3]_0                                  |                0 |              8 |
|  aclk_IBUF_BUFG |                                                                                                           | gety/gety1/U0/i_synth/FMA_OP.OP/addsub/add/ALIGN_BLK/ABS_DELAY/i_pipe/opt_has_pipe.first_q_reg[3]_0                                  |                0 |              8 |
|  aclk_IBUF_BUFG |                                                                                                           | gety/gety7/U0/i_synth/FMA_OP.OP/addsub/add/ALIGN_BLK/ABS_DELAY/i_pipe/first_q[4]                                                     |                0 |              8 |
|  aclk_IBUF_BUFG |                                                                                                           | gety/gety2/U0/i_synth/FMA_OP.OP/addsub/add/ALIGN_BLK/ABS_DELAY/i_pipe/first_q[4]                                                     |                0 |              8 |
|  aclk_IBUF_BUFG |                                                                                                           | gety/gety7/U0/i_synth/FMA_OP.OP/addsub/add/ALIGN_BLK/ABS_DELAY/i_pipe/opt_has_pipe.first_q_reg[3]_0                                  |                0 |              8 |
|  aclk_IBUF_BUFG |                                                                                                           | gety/gety8/U0/i_synth/FMA_OP.OP/addsub/add/ALIGN_BLK/ABS_DELAY/i_pipe/first_q[4]                                                     |                0 |              8 |
|  aclk_IBUF_BUFG |                                                                                                           | gety/gety9/U0/i_synth/FMA_OP.OP/addsub/add/ALIGN_BLK/ABS_DELAY/i_pipe/opt_has_pipe.first_q_reg[3]_0                                  |                0 |              8 |
|  aclk_IBUF_BUFG |                                                                                                           | gety/gety3/U0/i_synth/FMA_OP.OP/addsub/add/ALIGN_BLK/ABS_DELAY/i_pipe/opt_has_pipe.first_q_reg[3]_0                                  |                0 |              8 |
|  aclk_IBUF_BUFG |                                                                                                           | gety/gety3/U0/i_synth/FMA_OP.OP/addsub/add/ALIGN_BLK/ABS_DELAY/i_pipe/first_q[4]                                                     |                0 |              8 |
|  aclk_IBUF_BUFG |                                                                                                           | getf/getf/U0/i_synth/ADDSUB_OP.ADDSUB/SPEED_OP.DSP.OP/DSP48E1_BODY_HP.EXP/DEC_STATE_PRE_OP_DELAY/i_pipe/op_state[5]                  |                0 |              9 |
|  aclk_IBUF_BUFG |                                                                                                           | getf/getf0/U0/i_synth/ADDSUB_OP.ADDSUB/SPEED_OP.DSP.OP/DSP48E1_BODY_HP.EXP/DEC_STATE_PRE_OP_DELAY/i_pipe/op_state[5]                 |                0 |              9 |
|  aclk_IBUF_BUFG |                                                                                                           | getf/getf1/U0/i_synth/ADDSUB_OP.ADDSUB/SPEED_OP.DSP.OP/DSP48E1_BODY_HP.EXP/DEC_STATE_PRE_OP_DELAY/i_pipe/op_state[5]                 |                0 |              9 |
|  aclk_IBUF_BUFG |                                                                                                           | getf/getf2/U0/i_synth/ADDSUB_OP.ADDSUB/SPEED_OP.DSP.OP/DSP48E1_BODY_HP.EXP/DEC_STATE_PRE_OP_DELAY/i_pipe/op_state[5]                 |                0 |              9 |
|  aclk_IBUF_BUFG |                                                                                                           | getf/getf3/U0/i_synth/ADDSUB_OP.ADDSUB/SPEED_OP.DSP.OP/DSP48E1_BODY_HP.EXP/DEC_STATE_PRE_OP_DELAY/i_pipe/op_state[5]                 |                0 |              9 |
|  aclk_IBUF_BUFG |                                                                                                           | getf/getf4/U0/i_synth/ADDSUB_OP.ADDSUB/SPEED_OP.DSP.OP/DSP48E1_BODY_HP.EXP/DEC_STATE_PRE_OP_DELAY/i_pipe/op_state[5]                 |                0 |              9 |
|  aclk_IBUF_BUFG |                                                                                                           | getf/getf6/U0/i_synth/ADDSUB_OP.ADDSUB/SPEED_OP.DSP.OP/DSP48E1_BODY_HP.EXP/DEC_STATE_PRE_OP_DELAY/i_pipe/op_state[5]                 |                0 |              9 |
|  aclk_IBUF_BUFG |                                                                                                           | getf/getf7/U0/i_synth/ADDSUB_OP.ADDSUB/SPEED_OP.DSP.OP/DSP48E1_BODY_HP.EXP/DEC_STATE_PRE_OP_DELAY/i_pipe/op_state[5]                 |                0 |              9 |
|  aclk_IBUF_BUFG |                                                                                                           | getf/getresult0/U0/i_synth/DIV_OP.SPD.OP/EXP/STATE_DEC_DELAY/i_pipe/state_op[5]                                                      |                0 |              9 |
|  aclk_IBUF_BUFG |                                                                                                           | getf/getresult1/U0/i_synth/DIV_OP.SPD.OP/EXP/STATE_DEC_DELAY/i_pipe/state_op[5]                                                      |                0 |              9 |
|  aclk_IBUF_BUFG |                                                                                                           | getf/getresult2/U0/i_synth/DIV_OP.SPD.OP/EXP/STATE_DEC_DELAY/i_pipe/state_op[5]                                                      |                0 |              9 |
|  aclk_IBUF_BUFG |                                                                                                           | getf/getresult3/U0/i_synth/DIV_OP.SPD.OP/EXP/STATE_DEC_DELAY/i_pipe/state_op[5]                                                      |                0 |              9 |
|  aclk_IBUF_BUFG |                                                                                                           | getf/getresult4/U0/i_synth/DIV_OP.SPD.OP/EXP/STATE_DEC_DELAY/i_pipe/state_op[5]                                                      |                0 |              9 |
|  aclk_IBUF_BUFG |                                                                                                           | gety/gety8/U0/i_synth/FMA_OP.OP/addsub/add/EXP/conv_exp.downsize_exp/FLOW_REQ.EXP_NE.FLOW_DELAY/i_pipe/opt_has_pipe.first_q_reg[1]_2 |                0 |              9 |
|  aclk_IBUF_BUFG |                                                                                                           | gety/gety2/U0/i_synth/FMA_OP.OP/addsub/add/EXP/conv_exp.downsize_exp/FLOW_REQ.EXP_NE.FLOW_DELAY/i_pipe/opt_has_pipe.first_q_reg[1]_2 |                0 |              9 |
|  aclk_IBUF_BUFG |                                                                                                           | gety/gety3/U0/i_synth/FMA_OP.OP/addsub/add/EXP/conv_exp.downsize_exp/FLOW_REQ.EXP_NE.FLOW_DELAY/i_pipe/opt_has_pipe.first_q_reg[1]_2 |                0 |              9 |
|  aclk_IBUF_BUFG |                                                                                                           | gety/gety9/U0/i_synth/FMA_OP.OP/addsub/add/EXP/conv_exp.downsize_exp/FLOW_REQ.EXP_NE.FLOW_DELAY/i_pipe/opt_has_pipe.first_q_reg[1]_2 |                0 |              9 |
|  aclk_IBUF_BUFG |                                                                                                           | gety/gety0/U0/i_synth/FMA_OP.OP/addsub/add/EXP/conv_exp.downsize_exp/FLOW_REQ.EXP_NE.FLOW_DELAY/i_pipe/opt_has_pipe.first_q_reg[1]_2 |                0 |              9 |
|  aclk_IBUF_BUFG |                                                                                                           | gety/gety4/U0/i_synth/FMA_OP.OP/addsub/add/EXP/conv_exp.downsize_exp/FLOW_REQ.EXP_NE.FLOW_DELAY/i_pipe/opt_has_pipe.first_q_reg[1]_2 |                0 |              9 |
|  aclk_IBUF_BUFG |                                                                                                           | getf/getresult7/U0/i_synth/DIV_OP.SPD.OP/EXP/STATE_DEC_DELAY/i_pipe/state_op[5]                                                      |                0 |              9 |
|  aclk_IBUF_BUFG |                                                                                                           | gety/gety6/U0/i_synth/FMA_OP.OP/addsub/add/EXP/conv_exp.downsize_exp/FLOW_REQ.EXP_NE.FLOW_DELAY/i_pipe/opt_has_pipe.first_q_reg[1]_2 |                0 |              9 |
|  aclk_IBUF_BUFG |                                                                                                           | getf/getresult6/U0/i_synth/DIV_OP.SPD.OP/EXP/STATE_DEC_DELAY/i_pipe/state_op[5]                                                      |                0 |              9 |
|  aclk_IBUF_BUFG |                                                                                                           | getf/getf5/U0/i_synth/ADDSUB_OP.ADDSUB/SPEED_OP.DSP.OP/DSP48E1_BODY_HP.EXP/DEC_STATE_PRE_OP_DELAY/i_pipe/op_state[5]                 |                0 |              9 |
|  aclk_IBUF_BUFG |                                                                                                           | gety/gety1/U0/i_synth/FMA_OP.OP/addsub/add/EXP/conv_exp.downsize_exp/FLOW_REQ.EXP_NE.FLOW_DELAY/i_pipe/opt_has_pipe.first_q_reg[1]_2 |                0 |              9 |
|  aclk_IBUF_BUFG |                                                                                                           | getf/getresult9/U0/i_synth/DIV_OP.SPD.OP/EXP/STATE_DEC_DELAY/i_pipe/state_op[5]                                                      |                0 |              9 |
|  aclk_IBUF_BUFG |                                                                                                           | gety/gety5/U0/i_synth/FMA_OP.OP/addsub/add/EXP/conv_exp.downsize_exp/FLOW_REQ.EXP_NE.FLOW_DELAY/i_pipe/opt_has_pipe.first_q_reg[1]_2 |                0 |              9 |
|  aclk_IBUF_BUFG |                                                                                                           | gety/gety7/U0/i_synth/FMA_OP.OP/addsub/add/EXP/conv_exp.downsize_exp/FLOW_REQ.EXP_NE.FLOW_DELAY/i_pipe/opt_has_pipe.first_q_reg[1]_2 |                0 |              9 |
|  aclk_IBUF_BUFG |                                                                                                           | getf/getresult5/U0/i_synth/DIV_OP.SPD.OP/EXP/STATE_DEC_DELAY/i_pipe/state_op[5]                                                      |                0 |              9 |
|  aclk_IBUF_BUFG |                                                                                                           | getf/getresult8/U0/i_synth/DIV_OP.SPD.OP/EXP/STATE_DEC_DELAY/i_pipe/state_op[5]                                                      |                0 |              9 |
|  aclk_IBUF_BUFG | getf/getf2/U0/i_synth/need_combiner.use_2to1.skid_buffer_combiner/reg1_b_wr                               |                                                                                                                                      |                0 |             16 |
|  aclk_IBUF_BUFG | gety/gety8/U0/i_synth/need_combiner.use_3to1_fma.skid_buffer_combiner/p_48_in                             |                                                                                                                                      |                0 |             16 |
|  aclk_IBUF_BUFG | gety/gety8/U0/i_synth/need_combiner.use_3to1_fma.skid_buffer_combiner/p_26_in                             |                                                                                                                                      |                0 |             16 |
|  aclk_IBUF_BUFG |                                                                                                           | gety/gety0/U0/i_synth/FMA_OP.OP/addsub/add/NORM/LZE/ZERO_DET_CC_1/CARRYS_OUT[1]                                                      |                0 |             16 |
|  aclk_IBUF_BUFG |                                                                                                           | gety/gety1/U0/i_synth/FMA_OP.OP/addsub/add/NORM/LZE/ZERO_DET_CC_1/CARRYS_OUT[1]                                                      |                0 |             16 |
|  aclk_IBUF_BUFG | gety/gety8/U0/i_synth/need_combiner.use_3to1_fma.skid_buffer_combiner/s_axis_b_tready                     |                                                                                                                                      |                0 |             16 |
|  aclk_IBUF_BUFG |                                                                                                           | gety/gety2/U0/i_synth/FMA_OP.OP/addsub/add/NORM/LZE/ZERO_DET_CC_1/CARRYS_OUT[1]                                                      |                0 |             16 |
|  aclk_IBUF_BUFG | gety/gety8/U0/i_synth/need_combiner.use_3to1_fma.skid_buffer_combiner/s_axis_a_tready                     |                                                                                                                                      |                0 |             16 |
|  aclk_IBUF_BUFG |                                                                                                           | gety/gety3/U0/i_synth/FMA_OP.OP/addsub/add/NORM/LZE/ZERO_DET_CC_1/CARRYS_OUT[1]                                                      |                0 |             16 |
|  aclk_IBUF_BUFG | gety/gety9/U0/i_synth/need_combiner.use_3to1_fma.skid_buffer_combiner/gen_has_z_tready.reg1_c_ready_reg_0 |                                                                                                                                      |                0 |             16 |
|  aclk_IBUF_BUFG |                                                                                                           | gety/gety4/U0/i_synth/FMA_OP.OP/addsub/add/NORM/LZE/ZERO_DET_CC_1/CARRYS_OUT[1]                                                      |                0 |             16 |
|  aclk_IBUF_BUFG | gety/gety9/U0/i_synth/need_combiner.use_3to1_fma.skid_buffer_combiner/s_axis_a_tready                     |                                                                                                                                      |                0 |             16 |
|  aclk_IBUF_BUFG |                                                                                                           | gety/gety5/U0/i_synth/FMA_OP.OP/addsub/add/NORM/LZE/ZERO_DET_CC_1/CARRYS_OUT[1]                                                      |                0 |             16 |
|  aclk_IBUF_BUFG | gety/gety9/U0/i_synth/need_combiner.use_3to1_fma.skid_buffer_combiner/p_35_in                             |                                                                                                                                      |                0 |             16 |
|  aclk_IBUF_BUFG |                                                                                                           | gety/gety6/U0/i_synth/FMA_OP.OP/addsub/add/NORM/LZE/ZERO_DET_CC_1/CARRYS_OUT[1]                                                      |                0 |             16 |
|  aclk_IBUF_BUFG | gety/gety9/U0/i_synth/need_combiner.use_3to1_fma.skid_buffer_combiner/p_48_in                             |                                                                                                                                      |                0 |             16 |
|  aclk_IBUF_BUFG |                                                                                                           | gety/gety7/U0/i_synth/FMA_OP.OP/addsub/add/NORM/LZE/ZERO_DET_CC_1/CARRYS_OUT[1]                                                      |                0 |             16 |
|  aclk_IBUF_BUFG | gety/gety9/U0/i_synth/need_combiner.use_3to1_fma.skid_buffer_combiner/p_26_in                             |                                                                                                                                      |                0 |             16 |
|  aclk_IBUF_BUFG |                                                                                                           | gety/gety8/U0/i_synth/FMA_OP.OP/addsub/add/NORM/LZE/ZERO_DET_CC_1/CARRYS_OUT[1]                                                      |                0 |             16 |
|  aclk_IBUF_BUFG | gety/gety9/U0/i_synth/need_combiner.use_3to1_fma.skid_buffer_combiner/s_axis_b_tready                     |                                                                                                                                      |                0 |             16 |
|  aclk_IBUF_BUFG |                                                                                                           | gety/gety9/U0/i_synth/FMA_OP.OP/addsub/add/NORM/LZE/ZERO_DET_CC_1/CARRYS_OUT[1]                                                      |                0 |             16 |
|  aclk_IBUF_BUFG | getf/getf/U0/i_synth/need_combiner.use_2to1.skid_buffer_combiner/reg1_b_wr                                |                                                                                                                                      |                0 |             16 |
|  aclk_IBUF_BUFG | getf/getf/U0/i_synth/need_combiner.use_2to1.skid_buffer_combiner/p_16_in                                  |                                                                                                                                      |                0 |             16 |
|  aclk_IBUF_BUFG | getf/getf/U0/i_synth/need_combiner.use_2to1.skid_buffer_combiner/p_30_in                                  |                                                                                                                                      |                0 |             16 |
|  aclk_IBUF_BUFG | getf/getf/U0/i_synth/need_combiner.use_2to1.skid_buffer_combiner/reg1_a_wr                                |                                                                                                                                      |                0 |             16 |
|  aclk_IBUF_BUFG | getf/getf0/U0/i_synth/need_combiner.use_2to1.skid_buffer_combiner/p_16_in                                 |                                                                                                                                      |                0 |             16 |
|  aclk_IBUF_BUFG | getf/getf0/U0/i_synth/need_combiner.use_2to1.skid_buffer_combiner/p_30_in                                 |                                                                                                                                      |                0 |             16 |
|  aclk_IBUF_BUFG | getf/getf0/U0/i_synth/need_combiner.use_2to1.skid_buffer_combiner/reg1_a_wr                               |                                                                                                                                      |                0 |             16 |
|  aclk_IBUF_BUFG | getf/getf0/U0/i_synth/need_combiner.use_2to1.skid_buffer_combiner/reg1_b_wr                               |                                                                                                                                      |                0 |             16 |
|  aclk_IBUF_BUFG | getf/getf1/U0/i_synth/need_combiner.use_2to1.skid_buffer_combiner/reg1_a_wr                               |                                                                                                                                      |                0 |             16 |
|  aclk_IBUF_BUFG | getf/getf1/U0/i_synth/need_combiner.use_2to1.skid_buffer_combiner/reg1_b_wr                               |                                                                                                                                      |                0 |             16 |
|  aclk_IBUF_BUFG | getf/getf1/U0/i_synth/need_combiner.use_2to1.skid_buffer_combiner/p_30_in                                 |                                                                                                                                      |                0 |             16 |
|  aclk_IBUF_BUFG | getf/getf1/U0/i_synth/need_combiner.use_2to1.skid_buffer_combiner/p_16_in                                 |                                                                                                                                      |                0 |             16 |
|  aclk_IBUF_BUFG | getf/getf2/U0/i_synth/need_combiner.use_2to1.skid_buffer_combiner/reg1_a_wr                               |                                                                                                                                      |                0 |             16 |
|  aclk_IBUF_BUFG | gety/gety4/U0/i_synth/need_combiner.use_3to1_fma.skid_buffer_combiner/p_35_in                             |                                                                                                                                      |                0 |             16 |
|  aclk_IBUF_BUFG | getf/getf2/U0/i_synth/need_combiner.use_2to1.skid_buffer_combiner/p_16_in                                 |                                                                                                                                      |                0 |             16 |
|  aclk_IBUF_BUFG | getf/getf2/U0/i_synth/need_combiner.use_2to1.skid_buffer_combiner/p_30_in                                 |                                                                                                                                      |                0 |             16 |
|  aclk_IBUF_BUFG | getf/getf3/U0/i_synth/need_combiner.use_2to1.skid_buffer_combiner/p_30_in                                 |                                                                                                                                      |                0 |             16 |
|  aclk_IBUF_BUFG | getf/getf3/U0/i_synth/need_combiner.use_2to1.skid_buffer_combiner/p_16_in                                 |                                                                                                                                      |                0 |             16 |
|  aclk_IBUF_BUFG | getf/getf3/U0/i_synth/need_combiner.use_2to1.skid_buffer_combiner/reg1_b_wr                               |                                                                                                                                      |                0 |             16 |
|  aclk_IBUF_BUFG | getf/getf3/U0/i_synth/need_combiner.use_2to1.skid_buffer_combiner/reg1_a_wr                               |                                                                                                                                      |                0 |             16 |
|  aclk_IBUF_BUFG | getf/getf4/U0/i_synth/need_combiner.use_2to1.skid_buffer_combiner/reg1_a_wr                               |                                                                                                                                      |                0 |             16 |
|  aclk_IBUF_BUFG | getf/getf4/U0/i_synth/need_combiner.use_2to1.skid_buffer_combiner/reg1_b_wr                               |                                                                                                                                      |                0 |             16 |
|  aclk_IBUF_BUFG | getf/getf4/U0/i_synth/need_combiner.use_2to1.skid_buffer_combiner/p_16_in                                 |                                                                                                                                      |                0 |             16 |
|  aclk_IBUF_BUFG | getf/getf4/U0/i_synth/need_combiner.use_2to1.skid_buffer_combiner/p_30_in                                 |                                                                                                                                      |                0 |             16 |
|  aclk_IBUF_BUFG | getf/getf5/U0/i_synth/need_combiner.use_2to1.skid_buffer_combiner/p_30_in                                 |                                                                                                                                      |                0 |             16 |
|  aclk_IBUF_BUFG | getf/getf5/U0/i_synth/need_combiner.use_2to1.skid_buffer_combiner/p_16_in                                 |                                                                                                                                      |                0 |             16 |
|  aclk_IBUF_BUFG | getf/getf5/U0/i_synth/need_combiner.use_2to1.skid_buffer_combiner/reg1_a_wr                               |                                                                                                                                      |                0 |             16 |
|  aclk_IBUF_BUFG | getf/getf5/U0/i_synth/need_combiner.use_2to1.skid_buffer_combiner/reg1_b_wr                               |                                                                                                                                      |                0 |             16 |
|  aclk_IBUF_BUFG | getf/getf6/U0/i_synth/need_combiner.use_2to1.skid_buffer_combiner/p_16_in                                 |                                                                                                                                      |                0 |             16 |
|  aclk_IBUF_BUFG | getf/getf6/U0/i_synth/need_combiner.use_2to1.skid_buffer_combiner/p_30_in                                 |                                                                                                                                      |                0 |             16 |
|  aclk_IBUF_BUFG | getf/getf6/U0/i_synth/need_combiner.use_2to1.skid_buffer_combiner/reg1_b_wr                               |                                                                                                                                      |                0 |             16 |
|  aclk_IBUF_BUFG | getf/getf6/U0/i_synth/need_combiner.use_2to1.skid_buffer_combiner/reg1_a_wr                               |                                                                                                                                      |                0 |             16 |
|  aclk_IBUF_BUFG | getf/getf7/U0/i_synth/need_combiner.use_2to1.skid_buffer_combiner/p_30_in                                 |                                                                                                                                      |                0 |             16 |
|  aclk_IBUF_BUFG | getf/getf7/U0/i_synth/need_combiner.use_2to1.skid_buffer_combiner/p_16_in                                 |                                                                                                                                      |                0 |             16 |
|  aclk_IBUF_BUFG | getf/getf7/U0/i_synth/need_combiner.use_2to1.skid_buffer_combiner/reg1_a_wr                               |                                                                                                                                      |                0 |             16 |
|  aclk_IBUF_BUFG | getf/getf7/U0/i_synth/need_combiner.use_2to1.skid_buffer_combiner/reg1_b_wr                               |                                                                                                                                      |                0 |             16 |
|  aclk_IBUF_BUFG | getf/getresult0/U0/i_synth/need_combiner.use_2to1.skid_buffer_combiner/p_30_in                            |                                                                                                                                      |                0 |             16 |
|  aclk_IBUF_BUFG | getf/getresult0/U0/i_synth/need_combiner.use_2to1.skid_buffer_combiner/p_16_in                            |                                                                                                                                      |                0 |             16 |
|  aclk_IBUF_BUFG | getf/getresult0/U0/i_synth/need_combiner.use_2to1.skid_buffer_combiner/reg1_b_wr                          |                                                                                                                                      |                0 |             16 |
|  aclk_IBUF_BUFG | getf/getresult0/U0/i_synth/need_combiner.use_2to1.skid_buffer_combiner/reg1_a_wr                          |                                                                                                                                      |                0 |             16 |
|  aclk_IBUF_BUFG | getf/getresult1/U0/i_synth/need_combiner.use_2to1.skid_buffer_combiner/p_30_in                            |                                                                                                                                      |                0 |             16 |
|  aclk_IBUF_BUFG | getf/getresult1/U0/i_synth/need_combiner.use_2to1.skid_buffer_combiner/p_16_in                            |                                                                                                                                      |                0 |             16 |
|  aclk_IBUF_BUFG | getf/getresult1/U0/i_synth/need_combiner.use_2to1.skid_buffer_combiner/reg1_b_wr                          |                                                                                                                                      |                0 |             16 |
|  aclk_IBUF_BUFG | getf/getresult1/U0/i_synth/need_combiner.use_2to1.skid_buffer_combiner/reg1_a_wr                          |                                                                                                                                      |                0 |             16 |
|  aclk_IBUF_BUFG | getf/getresult2/U0/i_synth/need_combiner.use_2to1.skid_buffer_combiner/p_16_in                            |                                                                                                                                      |                0 |             16 |
|  aclk_IBUF_BUFG | getf/getresult2/U0/i_synth/need_combiner.use_2to1.skid_buffer_combiner/p_30_in                            |                                                                                                                                      |                0 |             16 |
|  aclk_IBUF_BUFG | getf/getresult2/U0/i_synth/need_combiner.use_2to1.skid_buffer_combiner/reg1_b_wr                          |                                                                                                                                      |                0 |             16 |
|  aclk_IBUF_BUFG | getf/getresult2/U0/i_synth/need_combiner.use_2to1.skid_buffer_combiner/reg1_a_wr                          |                                                                                                                                      |                0 |             16 |
|  aclk_IBUF_BUFG | getf/getresult3/U0/i_synth/need_combiner.use_2to1.skid_buffer_combiner/reg1_b_wr                          |                                                                                                                                      |                0 |             16 |
|  aclk_IBUF_BUFG | getf/getresult3/U0/i_synth/need_combiner.use_2to1.skid_buffer_combiner/p_30_in                            |                                                                                                                                      |                0 |             16 |
|  aclk_IBUF_BUFG | getf/getresult3/U0/i_synth/need_combiner.use_2to1.skid_buffer_combiner/reg1_a_wr                          |                                                                                                                                      |                0 |             16 |
|  aclk_IBUF_BUFG | getf/getresult3/U0/i_synth/need_combiner.use_2to1.skid_buffer_combiner/p_16_in                            |                                                                                                                                      |                0 |             16 |
|  aclk_IBUF_BUFG | getf/getresult4/U0/i_synth/need_combiner.use_2to1.skid_buffer_combiner/reg1_b_wr                          |                                                                                                                                      |                0 |             16 |
|  aclk_IBUF_BUFG | getf/getresult4/U0/i_synth/need_combiner.use_2to1.skid_buffer_combiner/p_16_in                            |                                                                                                                                      |                0 |             16 |
|  aclk_IBUF_BUFG | getf/getresult4/U0/i_synth/need_combiner.use_2to1.skid_buffer_combiner/p_30_in                            |                                                                                                                                      |                0 |             16 |
|  aclk_IBUF_BUFG | getf/getresult4/U0/i_synth/need_combiner.use_2to1.skid_buffer_combiner/reg1_a_wr                          |                                                                                                                                      |                0 |             16 |
|  aclk_IBUF_BUFG | getf/getresult5/U0/i_synth/need_combiner.use_2to1.skid_buffer_combiner/p_30_in                            |                                                                                                                                      |                0 |             16 |
|  aclk_IBUF_BUFG | getf/getresult5/U0/i_synth/need_combiner.use_2to1.skid_buffer_combiner/reg1_a_wr                          |                                                                                                                                      |                0 |             16 |
|  aclk_IBUF_BUFG | getf/getresult5/U0/i_synth/need_combiner.use_2to1.skid_buffer_combiner/reg1_b_wr                          |                                                                                                                                      |                0 |             16 |
|  aclk_IBUF_BUFG | getf/getresult5/U0/i_synth/need_combiner.use_2to1.skid_buffer_combiner/p_16_in                            |                                                                                                                                      |                0 |             16 |
|  aclk_IBUF_BUFG | getf/getresult6/U0/i_synth/need_combiner.use_2to1.skid_buffer_combiner/p_16_in                            |                                                                                                                                      |                0 |             16 |
|  aclk_IBUF_BUFG | getf/getresult6/U0/i_synth/need_combiner.use_2to1.skid_buffer_combiner/reg1_b_wr                          |                                                                                                                                      |                0 |             16 |
|  aclk_IBUF_BUFG | getf/getresult6/U0/i_synth/need_combiner.use_2to1.skid_buffer_combiner/p_30_in                            |                                                                                                                                      |                0 |             16 |
|  aclk_IBUF_BUFG | getf/getresult6/U0/i_synth/need_combiner.use_2to1.skid_buffer_combiner/reg1_a_wr                          |                                                                                                                                      |                0 |             16 |
|  aclk_IBUF_BUFG | getf/getresult7/U0/i_synth/need_combiner.use_2to1.skid_buffer_combiner/p_30_in                            |                                                                                                                                      |                0 |             16 |
|  aclk_IBUF_BUFG | getf/getresult7/U0/i_synth/need_combiner.use_2to1.skid_buffer_combiner/p_16_in                            |                                                                                                                                      |                0 |             16 |
|  aclk_IBUF_BUFG | getf/getresult7/U0/i_synth/need_combiner.use_2to1.skid_buffer_combiner/reg1_a_wr                          |                                                                                                                                      |                0 |             16 |
|  aclk_IBUF_BUFG | getf/getresult7/U0/i_synth/need_combiner.use_2to1.skid_buffer_combiner/reg1_b_wr                          |                                                                                                                                      |                0 |             16 |
|  aclk_IBUF_BUFG | getf/getresult8/U0/i_synth/need_combiner.use_2to1.skid_buffer_combiner/p_16_in                            |                                                                                                                                      |                0 |             16 |
|  aclk_IBUF_BUFG | getf/getresult8/U0/i_synth/need_combiner.use_2to1.skid_buffer_combiner/reg1_b_wr                          |                                                                                                                                      |                0 |             16 |
|  aclk_IBUF_BUFG | getf/getresult8/U0/i_synth/need_combiner.use_2to1.skid_buffer_combiner/p_30_in                            |                                                                                                                                      |                0 |             16 |
|  aclk_IBUF_BUFG | getf/getresult8/U0/i_synth/need_combiner.use_2to1.skid_buffer_combiner/reg1_a_wr                          |                                                                                                                                      |                0 |             16 |
|  aclk_IBUF_BUFG | getf/getresult9/U0/i_synth/need_combiner.use_2to1.skid_buffer_combiner/p_30_in                            |                                                                                                                                      |                0 |             16 |
|  aclk_IBUF_BUFG | getf/getresult9/U0/i_synth/need_combiner.use_2to1.skid_buffer_combiner/reg1_b_wr                          |                                                                                                                                      |                0 |             16 |
|  aclk_IBUF_BUFG | getf/getresult9/U0/i_synth/need_combiner.use_2to1.skid_buffer_combiner/p_16_in                            |                                                                                                                                      |                0 |             16 |
|  aclk_IBUF_BUFG | getf/getresult9/U0/i_synth/need_combiner.use_2to1.skid_buffer_combiner/reg1_a_wr                          |                                                                                                                                      |                0 |             16 |
|  aclk_IBUF_BUFG | gety/gety0/U0/i_synth/need_combiner.use_3to1_fma.skid_buffer_combiner/gen_has_z_tready.reg1_c_ready_reg_0 |                                                                                                                                      |                0 |             16 |
|  aclk_IBUF_BUFG | gety/gety0/U0/i_synth/need_combiner.use_3to1_fma.skid_buffer_combiner/p_26_in                             |                                                                                                                                      |                0 |             16 |
|  aclk_IBUF_BUFG | gety/gety0/U0/i_synth/need_combiner.use_3to1_fma.skid_buffer_combiner/s_axis_a_tready                     |                                                                                                                                      |                0 |             16 |
|  aclk_IBUF_BUFG | gety/gety0/U0/i_synth/need_combiner.use_3to1_fma.skid_buffer_combiner/s_axis_b_tready                     |                                                                                                                                      |                0 |             16 |
|  aclk_IBUF_BUFG | gety/gety0/U0/i_synth/need_combiner.use_3to1_fma.skid_buffer_combiner/p_35_in                             |                                                                                                                                      |                0 |             16 |
|  aclk_IBUF_BUFG | gety/gety0/U0/i_synth/need_combiner.use_3to1_fma.skid_buffer_combiner/p_48_in                             |                                                                                                                                      |                0 |             16 |
|  aclk_IBUF_BUFG | gety/gety1/U0/i_synth/need_combiner.use_3to1_fma.skid_buffer_combiner/gen_has_z_tready.reg1_c_ready_reg_0 |                                                                                                                                      |                0 |             16 |
|  aclk_IBUF_BUFG | gety/gety1/U0/i_synth/need_combiner.use_3to1_fma.skid_buffer_combiner/s_axis_a_tready                     |                                                                                                                                      |                0 |             16 |
|  aclk_IBUF_BUFG | gety/gety1/U0/i_synth/need_combiner.use_3to1_fma.skid_buffer_combiner/s_axis_b_tready                     |                                                                                                                                      |                0 |             16 |
|  aclk_IBUF_BUFG | gety/gety1/U0/i_synth/need_combiner.use_3to1_fma.skid_buffer_combiner/p_35_in                             |                                                                                                                                      |                0 |             16 |
|  aclk_IBUF_BUFG | gety/gety1/U0/i_synth/need_combiner.use_3to1_fma.skid_buffer_combiner/p_48_in                             |                                                                                                                                      |                0 |             16 |
|  aclk_IBUF_BUFG | gety/gety1/U0/i_synth/need_combiner.use_3to1_fma.skid_buffer_combiner/p_26_in                             |                                                                                                                                      |                0 |             16 |
|  aclk_IBUF_BUFG | gety/gety2/U0/i_synth/need_combiner.use_3to1_fma.skid_buffer_combiner/gen_has_z_tready.reg1_c_ready_reg_0 |                                                                                                                                      |                0 |             16 |
|  aclk_IBUF_BUFG | gety/gety2/U0/i_synth/need_combiner.use_3to1_fma.skid_buffer_combiner/p_26_in                             |                                                                                                                                      |                0 |             16 |
|  aclk_IBUF_BUFG | gety/gety2/U0/i_synth/need_combiner.use_3to1_fma.skid_buffer_combiner/p_35_in                             |                                                                                                                                      |                0 |             16 |
|  aclk_IBUF_BUFG | gety/gety2/U0/i_synth/need_combiner.use_3to1_fma.skid_buffer_combiner/p_48_in                             |                                                                                                                                      |                0 |             16 |
|  aclk_IBUF_BUFG | gety/gety2/U0/i_synth/need_combiner.use_3to1_fma.skid_buffer_combiner/s_axis_b_tready                     |                                                                                                                                      |                0 |             16 |
|  aclk_IBUF_BUFG | gety/gety2/U0/i_synth/need_combiner.use_3to1_fma.skid_buffer_combiner/s_axis_a_tready                     |                                                                                                                                      |                0 |             16 |
|  aclk_IBUF_BUFG | gety/gety3/U0/i_synth/need_combiner.use_3to1_fma.skid_buffer_combiner/gen_has_z_tready.reg1_c_ready_reg_0 |                                                                                                                                      |                0 |             16 |
|  aclk_IBUF_BUFG | gety/gety3/U0/i_synth/need_combiner.use_3to1_fma.skid_buffer_combiner/p_35_in                             |                                                                                                                                      |                0 |             16 |
|  aclk_IBUF_BUFG | gety/gety3/U0/i_synth/need_combiner.use_3to1_fma.skid_buffer_combiner/p_48_in                             |                                                                                                                                      |                0 |             16 |
|  aclk_IBUF_BUFG | gety/gety3/U0/i_synth/need_combiner.use_3to1_fma.skid_buffer_combiner/p_26_in                             |                                                                                                                                      |                0 |             16 |
|  aclk_IBUF_BUFG | gety/gety3/U0/i_synth/need_combiner.use_3to1_fma.skid_buffer_combiner/s_axis_b_tready                     |                                                                                                                                      |                0 |             16 |
|  aclk_IBUF_BUFG | gety/gety3/U0/i_synth/need_combiner.use_3to1_fma.skid_buffer_combiner/s_axis_a_tready                     |                                                                                                                                      |                0 |             16 |
|  aclk_IBUF_BUFG | gety/gety4/U0/i_synth/need_combiner.use_3to1_fma.skid_buffer_combiner/gen_has_z_tready.reg1_c_ready_reg_0 |                                                                                                                                      |                0 |             16 |
|  aclk_IBUF_BUFG | gety/gety4/U0/i_synth/need_combiner.use_3to1_fma.skid_buffer_combiner/s_axis_a_tready                     |                                                                                                                                      |                0 |             16 |
|  aclk_IBUF_BUFG | gety/gety4/U0/i_synth/need_combiner.use_3to1_fma.skid_buffer_combiner/p_48_in                             |                                                                                                                                      |                0 |             16 |
|  aclk_IBUF_BUFG | gety/gety4/U0/i_synth/need_combiner.use_3to1_fma.skid_buffer_combiner/p_26_in                             |                                                                                                                                      |                0 |             16 |
|  aclk_IBUF_BUFG | gety/gety4/U0/i_synth/need_combiner.use_3to1_fma.skid_buffer_combiner/s_axis_b_tready                     |                                                                                                                                      |                0 |             16 |
|  aclk_IBUF_BUFG | gety/gety5/U0/i_synth/need_combiner.use_3to1_fma.skid_buffer_combiner/gen_has_z_tready.reg1_c_ready_reg_0 |                                                                                                                                      |                0 |             16 |
|  aclk_IBUF_BUFG | gety/gety5/U0/i_synth/need_combiner.use_3to1_fma.skid_buffer_combiner/p_35_in                             |                                                                                                                                      |                0 |             16 |
|  aclk_IBUF_BUFG | gety/gety5/U0/i_synth/need_combiner.use_3to1_fma.skid_buffer_combiner/p_48_in                             |                                                                                                                                      |                0 |             16 |
|  aclk_IBUF_BUFG | gety/gety5/U0/i_synth/need_combiner.use_3to1_fma.skid_buffer_combiner/p_26_in                             |                                                                                                                                      |                0 |             16 |
|  aclk_IBUF_BUFG | gety/gety5/U0/i_synth/need_combiner.use_3to1_fma.skid_buffer_combiner/s_axis_a_tready                     |                                                                                                                                      |                0 |             16 |
|  aclk_IBUF_BUFG | gety/gety5/U0/i_synth/need_combiner.use_3to1_fma.skid_buffer_combiner/s_axis_b_tready                     |                                                                                                                                      |                0 |             16 |
|  aclk_IBUF_BUFG | gety/gety6/U0/i_synth/need_combiner.use_3to1_fma.skid_buffer_combiner/gen_has_z_tready.reg1_c_ready_reg_0 |                                                                                                                                      |                0 |             16 |
|  aclk_IBUF_BUFG | gety/gety6/U0/i_synth/need_combiner.use_3to1_fma.skid_buffer_combiner/p_35_in                             |                                                                                                                                      |                0 |             16 |
|  aclk_IBUF_BUFG | gety/gety6/U0/i_synth/need_combiner.use_3to1_fma.skid_buffer_combiner/s_axis_b_tready                     |                                                                                                                                      |                0 |             16 |
|  aclk_IBUF_BUFG | gety/gety6/U0/i_synth/need_combiner.use_3to1_fma.skid_buffer_combiner/s_axis_a_tready                     |                                                                                                                                      |                0 |             16 |
|  aclk_IBUF_BUFG | gety/gety6/U0/i_synth/need_combiner.use_3to1_fma.skid_buffer_combiner/p_48_in                             |                                                                                                                                      |                0 |             16 |
|  aclk_IBUF_BUFG | gety/gety6/U0/i_synth/need_combiner.use_3to1_fma.skid_buffer_combiner/p_26_in                             |                                                                                                                                      |                0 |             16 |
|  aclk_IBUF_BUFG | gety/gety7/U0/i_synth/need_combiner.use_3to1_fma.skid_buffer_combiner/gen_has_z_tready.reg1_c_ready_reg_0 |                                                                                                                                      |                0 |             16 |
|  aclk_IBUF_BUFG | gety/gety7/U0/i_synth/need_combiner.use_3to1_fma.skid_buffer_combiner/p_26_in                             |                                                                                                                                      |                0 |             16 |
|  aclk_IBUF_BUFG | gety/gety7/U0/i_synth/need_combiner.use_3to1_fma.skid_buffer_combiner/p_48_in                             |                                                                                                                                      |                0 |             16 |
|  aclk_IBUF_BUFG | gety/gety7/U0/i_synth/need_combiner.use_3to1_fma.skid_buffer_combiner/s_axis_a_tready                     |                                                                                                                                      |                0 |             16 |
|  aclk_IBUF_BUFG | gety/gety7/U0/i_synth/need_combiner.use_3to1_fma.skid_buffer_combiner/s_axis_b_tready                     |                                                                                                                                      |                0 |             16 |
|  aclk_IBUF_BUFG | gety/gety7/U0/i_synth/need_combiner.use_3to1_fma.skid_buffer_combiner/p_35_in                             |                                                                                                                                      |                0 |             16 |
|  aclk_IBUF_BUFG | gety/gety8/U0/i_synth/need_combiner.use_3to1_fma.skid_buffer_combiner/gen_has_z_tready.reg1_c_ready_reg_0 |                                                                                                                                      |                0 |             16 |
|  aclk_IBUF_BUFG | gety/gety8/U0/i_synth/need_combiner.use_3to1_fma.skid_buffer_combiner/p_35_in                             |                                                                                                                                      |                0 |             16 |
|  aclk_IBUF_BUFG |                                                                                                           | gety/gety1/U0/i_synth/FMA_OP.OP/addsub/add/EXP/A_ZERO_DELAY/i_pipe/opt_has_pipe.first_q_reg[0]_1                                     |                0 |             21 |
|  aclk_IBUF_BUFG |                                                                                                           | gety/gety0/U0/i_synth/FMA_OP.OP/addsub/add/EXP/A_ZERO_DELAY/i_pipe/opt_has_pipe.first_q_reg[0]_1                                     |                0 |             21 |
|  aclk_IBUF_BUFG |                                                                                                           | gety/gety2/U0/i_synth/FMA_OP.OP/addsub/add/EXP/A_ZERO_DELAY/i_pipe/opt_has_pipe.first_q_reg[0]_1                                     |                0 |             21 |
|  aclk_IBUF_BUFG |                                                                                                           | gety/gety4/U0/i_synth/FMA_OP.OP/addsub/add/EXP/A_ZERO_DELAY/i_pipe/opt_has_pipe.first_q_reg[0]_1                                     |                0 |             21 |
|  aclk_IBUF_BUFG |                                                                                                           | gety/gety5/U0/i_synth/FMA_OP.OP/addsub/add/EXP/A_ZERO_DELAY/i_pipe/opt_has_pipe.first_q_reg[0]_1                                     |                0 |             21 |
|  aclk_IBUF_BUFG |                                                                                                           | gety/gety6/U0/i_synth/FMA_OP.OP/addsub/add/EXP/A_ZERO_DELAY/i_pipe/opt_has_pipe.first_q_reg[0]_1                                     |                0 |             21 |
|  aclk_IBUF_BUFG |                                                                                                           | gety/gety7/U0/i_synth/FMA_OP.OP/addsub/add/EXP/A_ZERO_DELAY/i_pipe/opt_has_pipe.first_q_reg[0]_1                                     |                0 |             21 |
|  aclk_IBUF_BUFG |                                                                                                           | gety/gety8/U0/i_synth/FMA_OP.OP/addsub/add/EXP/A_ZERO_DELAY/i_pipe/opt_has_pipe.first_q_reg[0]_1                                     |                0 |             21 |
|  aclk_IBUF_BUFG |                                                                                                           | gety/gety9/U0/i_synth/FMA_OP.OP/addsub/add/EXP/A_ZERO_DELAY/i_pipe/opt_has_pipe.first_q_reg[0]_1                                     |                0 |             21 |
|  aclk_IBUF_BUFG |                                                                                                           | gety/gety3/U0/i_synth/FMA_OP.OP/addsub/add/EXP/A_ZERO_DELAY/i_pipe/opt_has_pipe.first_q_reg[0]_1                                     |                0 |             21 |
|  aclk_IBUF_BUFG |                                                                                                           |                                                                                                                                      |                0 |          11182 |
+-----------------+-----------------------------------------------------------------------------------------------------------+--------------------------------------------------------------------------------------------------------------------------------------+------------------+----------------+


