Vivado Simulator 2015.4
Copyright 1986-1999, 2001-2015 Xilinx, Inc. All Rights Reserved.
Running: C:/Xilinx/Vivado/2015.4/bin/unwrapped/win64.o/xelab.exe -wto 46db671563964494940ccaf4f58a9f0e --debug typical --relax --mt 2 -L xbip_utils_v3_0_5 -L axi_utils_v2_0_1 -L xbip_pipe_v3_0_1 -L xbip_dsp48_wrapper_v3_0_4 -L xbip_dsp48_addsub_v3_0_1 -L xbip_dsp48_multadd_v3_0_1 -L xbip_bram18k_v3_0_1 -L mult_gen_v12_0_10 -L floating_point_v7_1_1 -L xil_defaultlib -L blk_mem_gen_v8_3_1 -L unisims_ver -L unimacro_ver -L secureip --snapshot softmax_tb_behav xil_defaultlib.softmax_tb xil_defaultlib.glbl -log elaborate.log 
Using 2 slave threads.
Starting static elaboration
Completed static elaboration
Starting simulation data flow analysis
Completed simulation data flow analysis
Time Resolution for simulation is 1ps
Compiling package std.standard
Compiling package ieee.std_logic_1164
Compiling package ieee.numeric_std
Compiling package std.textio
Compiling package ieee.std_logic_arith
Compiling package ieee.std_logic_unsigned
Compiling package synopsys.attributes
Compiling package ieee.std_logic_misc
Compiling package ieee.std_logic_textio
Compiling package floating_point_v7_1_1.floating_point_v7_1_1_viv_comp
Compiling package xbip_utils_v3_0_5.xbip_utils_v3_0_5_pkg
Compiling package axi_utils_v2_0_1.axi_utils_v2_0_1_pkg
Compiling package floating_point_v7_1_1.floating_point_v7_1_1_consts
Compiling package ieee.math_real
Compiling package floating_point_v7_1_1.floating_point_v7_1_1_exp_table_...
Compiling package mult_gen_v12_0_10.mult_gen_v12_0_10_pkg
Compiling package ieee.std_logic_signed
Compiling package floating_point_v7_1_1.floating_point_v7_1_1_pkg
Compiling package floating_point_v7_1_1.flt_utils
Compiling package unisim.vcomponents
Compiling package ieee.vital_timing
Compiling package ieee.vital_primitives
Compiling package unisim.vpkg
Compiling package xbip_pipe_v3_0_1.xbip_pipe_v3_0_1_viv_comp
Compiling package mult_gen_v12_0_10.dsp_pkg
Compiling module xil_defaultlib.getaddr
Compiling architecture output_stage_behavioral of entity blk_mem_gen_v8_3_1.blk_mem_gen_v8_3_1_output_stage [\blk_mem_gen_v8_3_1_output_stage...]
Compiling architecture output_stage_behavioral of entity blk_mem_gen_v8_3_1.blk_mem_gen_v8_3_1_output_stage [\blk_mem_gen_v8_3_1_output_stage...]
Compiling architecture softecc_output_reg_stage_behavioral of entity blk_mem_gen_v8_3_1.blk_mem_gen_v8_3_1_softecc_output_reg_stage [\blk_mem_gen_v8_3_1_softecc_outp...]
Compiling architecture mem_module_behavioral of entity blk_mem_gen_v8_3_1.blk_mem_gen_v8_3_1_mem_module [\blk_mem_gen_v8_3_1_mem_module("...]
Compiling architecture behavioral of entity blk_mem_gen_v8_3_1.blk_mem_gen_v8_3_1 [\blk_mem_gen_v8_3_1("blk_mem_gen...]
Compiling architecture blk_mem_gen_0_arch of entity xil_defaultlib.blk_mem_gen_0 [blk_mem_gen_0_default]
Compiling module xil_defaultlib.addrtodata
Compiling architecture xilinx of entity axi_utils_v2_0_1.axi_slave_3to1 [\axi_slave_3to1(16,false,1,false...]
Compiling architecture muxcy_v of entity unisim.MUXCY [muxcy_default]
Compiling architecture fdre_v of entity unisim.FDRE [\FDRE('0','0','0','0')\]
Compiling architecture fde_v of entity unisim.FDE [\FDE('0')\]
Compiling architecture synth of entity xbip_pipe_v3_0_1.xbip_pipe_v3_0_1_viv [\xbip_pipe_v3_0_1_viv(0,1,0,0,0,...]
Compiling architecture rtl of entity floating_point_v7_1_1.delay [\delay(1,0,false,false)\]
Compiling architecture synth of entity xbip_pipe_v3_0_1.xbip_pipe_v3_0_1_viv [\xbip_pipe_v3_0_1_viv(0,1,0,0,0,...]
Compiling architecture rtl of entity floating_point_v7_1_1.delay [\delay(2,0,false,false)\]
Compiling architecture struct of entity floating_point_v7_1_1.carry_chain [\carry_chain("kintex7",2,0,1,fal...]
Compiling architecture synth of entity floating_point_v7_1_1.compare_eq_im [\compare_eq_im("kintex7",10,(oth...]
Compiling architecture synth of entity xbip_pipe_v3_0_1.xbip_pipe_v3_0_1_viv [\xbip_pipe_v3_0_1_viv(1,1,0,0,0,...]
Compiling architecture rtl of entity floating_point_v7_1_1.delay [\delay(1,1,false,true)\]
Compiling architecture rtl of entity floating_point_v7_1_1.special_detect [\special_detect("kintex7",false,...]
Compiling architecture synth of entity xbip_pipe_v3_0_1.xbip_pipe_v3_0_1_viv [\xbip_pipe_v3_0_1_viv(1,1,0,0,0,...]
Compiling architecture rtl of entity floating_point_v7_1_1.delay [\delay(2,1,false,true)\]
Compiling architecture synth of entity floating_point_v7_1_1.flt_fma_specialcase [\flt_fma_specialcase("kintex7",1...]
Compiling architecture xilinx of entity mult_gen_v12_0_10.delay_line [\delay_line("kintex7",true,1,0,2...]
Compiling architecture xilinx of entity mult_gen_v12_0_10.delay_line [\delay_line("kintex7",true,1,0,1...]
Compiling architecture dsp48e1_v of entity unisim.DSP48E1 [\DSP48E1(1,0,0,1,"NO_RESET","DIR...]
Compiling architecture xilinx of entity mult_gen_v12_0_10.delay_line [\delay_line("kintex7",true,1,0,4...]
Compiling architecture xilinx of entity mult_gen_v12_0_10.op_resize [\op_resize(11,11,1,1,0,25,18)\]
Compiling architecture xilinx of entity mult_gen_v12_0_10.dsp [\dsp("kintex7",11,1,11,1,1,0,100...]
Compiling architecture xilinx of entity mult_gen_v12_0_10.mult_gen_v12_0_10_viv [\mult_gen_v12_0_10_viv(0,1,1,"ki...]
Compiling architecture rtl of entity floating_point_v7_1_1.flt_fma_mul [\flt_fma_mul("kintex7",16,11,16,...]
Compiling architecture synth of entity xbip_pipe_v3_0_1.xbip_pipe_v3_0_1_viv [\xbip_pipe_v3_0_1_viv(3,1,0,0,0,...]
Compiling architecture rtl of entity floating_point_v7_1_1.delay [\delay(1,3,false,true)\]
Compiling architecture synth of entity xbip_pipe_v3_0_1.xbip_pipe_v3_0_1_viv [\xbip_pipe_v3_0_1_viv(1,1,0,0,0,...]
Compiling architecture rtl of entity floating_point_v7_1_1.delay [\delay(6,1,false,true)\]
Compiling architecture synth of entity xbip_pipe_v3_0_1.xbip_pipe_v3_0_1_viv [\xbip_pipe_v3_0_1_viv(2,1,0,0,0,...]
Compiling architecture rtl of entity floating_point_v7_1_1.delay [\delay(6,2,false,true)\]
Compiling architecture synth of entity xbip_pipe_v3_0_1.xbip_pipe_v3_0_1_viv [\xbip_pipe_v3_0_1_viv(1,1,0,0,0,...]
Compiling architecture rtl of entity floating_point_v7_1_1.delay [\delay(3,1,false,true)\]
Compiling architecture synth of entity xbip_pipe_v3_0_1.xbip_pipe_v3_0_1_viv [\xbip_pipe_v3_0_1_viv(3,1,0,0,0,...]
Compiling architecture rtl of entity floating_point_v7_1_1.delay [\delay(16,3,false,false)\]
Compiling architecture synth of entity xbip_pipe_v3_0_1.xbip_pipe_v3_0_1_viv [\xbip_pipe_v3_0_1_viv(1,1,0,0,0,...]
Compiling architecture rtl of entity floating_point_v7_1_1.delay [\delay(21,1,false,true)\]
Compiling architecture synth of entity xbip_pipe_v3_0_1.xbip_pipe_v3_0_1_viv [\xbip_pipe_v3_0_1_viv(1,1,0,0,0,...]
Compiling architecture rtl of entity floating_point_v7_1_1.delay [\delay(21,1,false,false)\]
Compiling architecture synth of entity xbip_pipe_v3_0_1.xbip_pipe_v3_0_1_viv [\xbip_pipe_v3_0_1_viv(1,1,0,0,0,...]
Compiling architecture rtl of entity floating_point_v7_1_1.delay [\delay(1,1,false,false)\]
Compiling architecture synth of entity xbip_pipe_v3_0_1.xbip_pipe_v3_0_1_viv [\xbip_pipe_v3_0_1_viv(1,1,0,0,0,...]
Compiling architecture rtl of entity floating_point_v7_1_1.delay [\delay(16,1,false,false)\]
Compiling architecture synth of entity xbip_pipe_v3_0_1.xbip_pipe_v3_0_1_viv [\xbip_pipe_v3_0_1_viv(1,1,0,0,0,...]
Compiling architecture rtl of entity floating_point_v7_1_1.delay [\delay(2,1,false,false)\]
Compiling architecture synth of entity xbip_pipe_v3_0_1.xbip_pipe_v3_0_1_viv [\xbip_pipe_v3_0_1_viv(0,1,0,0,0,...]
Compiling architecture rtl of entity floating_point_v7_1_1.delay [\delay(16,0,false,false)\]
Compiling architecture muxf7_v of entity unisim.MUXF7 [muxf7_default]
Compiling architecture muxf8_v of entity unisim.MUXF8 [muxf8_default]
Compiling architecture synth of entity xbip_pipe_v3_0_1.xbip_pipe_v3_0_1_viv [\xbip_pipe_v3_0_1_viv(0,1,0,0,0,...]
Compiling architecture rtl of entity floating_point_v7_1_1.delay [\delay(6,0,false,false)\]
Compiling architecture struct of entity floating_point_v7_1_1.carry_chain [\carry_chain("kintex7",6,0,1,tru...]
Compiling architecture synth of entity floating_point_v7_1_1.compare_eq_im [\compare_eq_im("kintex7",24,(oth...]
Compiling architecture rtl of entity floating_point_v7_1_1.zero_det_sel [\zero_det_sel("kintex7",false,24...]
Compiling architecture synth of entity xbip_pipe_v3_0_1.xbip_pipe_v3_0_1_viv [\xbip_pipe_v3_0_1_viv(0,1,0,0,0,...]
Compiling architecture rtl of entity floating_point_v7_1_1.delay [\delay(4,0,false,false)\]
Compiling architecture struct of entity floating_point_v7_1_1.carry_chain [\carry_chain("kintex7",4,0,0,fal...]
Compiling architecture xorcy_v of entity unisim.XORCY [xorcy_default]
Compiling architecture synth of entity xbip_pipe_v3_0_1.xbip_pipe_v3_0_1_viv [\xbip_pipe_v3_0_1_viv(2,1,0,0,0,...]
Compiling architecture rtl of entity floating_point_v7_1_1.delay [\delay(1,2,false,true)\]
Compiling architecture synth of entity xbip_pipe_v3_0_1.xbip_pipe_v3_0_1_viv [\xbip_pipe_v3_0_1_viv(0,1,0,0,0,...]
Compiling architecture rtl of entity floating_point_v7_1_1.delay [\delay(3,0,false,false)\]
Compiling architecture struct of entity floating_point_v7_1_1.carry_chain [\carry_chain("kintex7",3,0,1,fal...]
Compiling architecture synth of entity floating_point_v7_1_1.compare_ge [\compare_ge("kintex7",6,false,1)...]
Compiling architecture synth of entity xbip_pipe_v3_0_1.xbip_pipe_v3_0_1_viv [\xbip_pipe_v3_0_1_viv(1,1,0,0,0,...]
Compiling architecture rtl of entity floating_point_v7_1_1.delay [\delay(24,1,false,false)\]
Compiling architecture rtl of entity floating_point_v7_1_1.shift_msb_first [\shift_msb_first(23,24,5,false,f...]
Compiling architecture synth of entity xbip_pipe_v3_0_1.xbip_pipe_v3_0_1_viv [\xbip_pipe_v3_0_1_viv(0,1,0,0,0,...]
Compiling architecture rtl of entity floating_point_v7_1_1.delay [\delay(24,0,false,false)\]
Compiling architecture rtl of entity floating_point_v7_1_1.flt_fma_alignment [\flt_fma_alignment("kintex7",22,...]
Compiling architecture synth of entity xbip_pipe_v3_0_1.xbip_pipe_v3_0_1_viv [\xbip_pipe_v3_0_1_viv(3,1,0,0,0,...]
Compiling architecture rtl of entity floating_point_v7_1_1.delay [\delay(1,3,false,false)\]
Compiling architecture synth of entity xbip_pipe_v3_0_1.xbip_pipe_v3_0_1_viv [\xbip_pipe_v3_0_1_viv(1,1,0,0,0,...]
Compiling architecture rtl of entity floating_point_v7_1_1.delay [\delay(23,1,false,false)\]
Compiling architecture synth of entity xbip_pipe_v3_0_1.xbip_pipe_v3_0_1_viv [\xbip_pipe_v3_0_1_viv(2,1,0,0,0,...]
Compiling architecture rtl of entity floating_point_v7_1_1.delay [\delay(1,2,false,false)\]
Compiling architecture synth of entity xbip_pipe_v3_0_1.xbip_pipe_v3_0_1_viv [\xbip_pipe_v3_0_1_viv(1,1,0,0,0,...]
Compiling architecture rtl of entity floating_point_v7_1_1.delay [\delay(11,1,false,false)\]
Compiling architecture synth of entity xbip_pipe_v3_0_1.xbip_pipe_v3_0_1_viv [\xbip_pipe_v3_0_1_viv(2,1,0,0,0,...]
Compiling architecture rtl of entity floating_point_v7_1_1.delay [\delay(12,2,false,false)\]
Compiling architecture struct of entity floating_point_v7_1_1.carry_chain [\carry_chain("kintex7",12,2,1,fa...]
Compiling architecture synth of entity xbip_pipe_v3_0_1.xbip_pipe_v3_0_1_viv [\xbip_pipe_v3_0_1_viv(0,1,0,0,0,...]
Compiling architecture rtl of entity floating_point_v7_1_1.delay [\delay(13,0,false,false)\]
Compiling architecture struct of entity floating_point_v7_1_1.carry_chain [\carry_chain("kintex7",13,0,0,fa...]
Compiling architecture synth of entity xbip_pipe_v3_0_1.xbip_pipe_v3_0_1_viv [\xbip_pipe_v3_0_1_viv(3,1,0,0,0,...]
Compiling architecture rtl of entity floating_point_v7_1_1.delay [\delay(10,3,false,false)\]
Compiling architecture synth of entity xbip_pipe_v3_0_1.xbip_pipe_v3_0_1_viv [\xbip_pipe_v3_0_1_viv(4,1,0,0,0,...]
Compiling architecture rtl of entity floating_point_v7_1_1.delay [\delay(12,4,false,false)\]
Compiling architecture synth of entity xbip_pipe_v3_0_1.xbip_pipe_v3_0_1_viv [\xbip_pipe_v3_0_1_viv(1,1,0,0,0,...]
Compiling architecture rtl of entity floating_point_v7_1_1.delay [\delay(12,1,false,false)\]
Compiling architecture synth of entity xbip_pipe_v3_0_1.xbip_pipe_v3_0_1_viv [\xbip_pipe_v3_0_1_viv(1,1,0,0,0,...]
Compiling architecture rtl of entity floating_point_v7_1_1.delay [\delay(13,1,false,true)\]
Compiling architecture rtl of entity floating_point_v7_1_1.addsub_logic [\addsub_logic("kintex7",0,false,...]
Compiling architecture rtl of entity floating_point_v7_1_1.flt_fma_addsub [\flt_fma_addsub("kintex7",0,(tru...]
Compiling architecture rtl of entity floating_point_v7_1_1.flt_fma_align_add [\flt_fma_align_add("kintex7",0,2...]
Compiling architecture synth of entity xbip_pipe_v3_0_1.xbip_pipe_v3_0_1_viv [\xbip_pipe_v3_0_1_viv(0,1,0,0,0,...]
Compiling architecture rtl of entity floating_point_v7_1_1.delay [\delay(5,0,false,true)\]
Compiling architecture struct of entity floating_point_v7_1_1.carry_chain [\carry_chain("kintex7",5,0,1,tru...]
Compiling architecture synth of entity xbip_pipe_v3_0_1.xbip_pipe_v3_0_1_viv [\xbip_pipe_v3_0_1_viv(1,1,0,0,0,...]
Compiling architecture rtl of entity floating_point_v7_1_1.delay [\delay(4,1,false,true)\]
Compiling architecture rtl of entity floating_point_v7_1_1.mux4 [\mux4("kintex7",4,true,1)(1,7)\]
Compiling architecture synth of entity xbip_pipe_v3_0_1.xbip_pipe_v3_0_1_viv [\xbip_pipe_v3_0_1_viv(2,1,0,0,0,...]
Compiling architecture rtl of entity floating_point_v7_1_1.delay [\delay(2,2,false,false)\]
Compiling architecture rtl of entity floating_point_v7_1_1.mux4 [\mux4("kintex7",1,true,1)(1,7)\]
Compiling architecture synth of entity xbip_pipe_v3_0_1.xbip_pipe_v3_0_1_viv [\xbip_pipe_v3_0_1_viv(0,1,0,0,0,...]
Compiling architecture rtl of entity floating_point_v7_1_1.delay [\delay(8,0,false,true)\]
Compiling architecture struct of entity floating_point_v7_1_1.carry_chain [\carry_chain("kintex7",8,0,1,tru...]
Compiling architecture rtl of entity floating_point_v7_1_1.lead_zero_encode [\lead_zero_encode("kintex7",fals...]
Compiling architecture synth of entity xbip_pipe_v3_0_1.xbip_pipe_v3_0_1_viv [\xbip_pipe_v3_0_1_viv(1,1,0,0,0,...]
Compiling architecture rtl of entity floating_point_v7_1_1.delay [\delay(25,1,false,false)\]
Compiling architecture rtl of entity floating_point_v7_1_1.shift_msb_first [\shift_msb_first(25,27,6,false,t...]
Compiling architecture synth of entity xbip_pipe_v3_0_1.xbip_pipe_v3_0_1_viv [\xbip_pipe_v3_0_1_viv(1,1,0,0,0,...]
Compiling architecture rtl of entity floating_point_v7_1_1.delay [\delay(4,1,false,false)\]
Compiling architecture synth of entity xbip_pipe_v3_0_1.xbip_pipe_v3_0_1_viv [\xbip_pipe_v3_0_1_viv(2,1,0,0,0,...]
Compiling architecture rtl of entity floating_point_v7_1_1.delay [\delay(5,2,false,false)\]
Compiling architecture struct of entity floating_point_v7_1_1.carry_chain [\carry_chain("kintex7",5,2,1,fal...]
Compiling architecture synth of entity xbip_pipe_v3_0_1.xbip_pipe_v3_0_1_viv [\xbip_pipe_v3_0_1_viv(1,1,0,0,0,...]
Compiling architecture rtl of entity floating_point_v7_1_1.delay [\delay(5,1,false,false)\]
Compiling architecture synth of entity xbip_pipe_v3_0_1.xbip_pipe_v3_0_1_viv [\xbip_pipe_v3_0_1_viv(1,1,0,0,0,...]
Compiling architecture rtl of entity floating_point_v7_1_1.delay [\delay(6,1,false,false)\]
Compiling architecture struct of entity floating_point_v7_1_1.carry_chain [\carry_chain("kintex7",6,1,1,fal...]
Compiling architecture synth of entity xbip_pipe_v3_0_1.xbip_pipe_v3_0_1_viv [\xbip_pipe_v3_0_1_viv(0,1,0,0,0,...]
Compiling architecture rtl of entity floating_point_v7_1_1.delay [\delay(7,0,false,false)\]
Compiling architecture synth of entity xbip_pipe_v3_0_1.xbip_pipe_v3_0_1_viv [\xbip_pipe_v3_0_1_viv(1,1,0,0,0,...]
Compiling architecture rtl of entity floating_point_v7_1_1.delay [\delay(8,1,false,false)\]
Compiling architecture synth of entity xbip_pipe_v3_0_1.xbip_pipe_v3_0_1_viv [\xbip_pipe_v3_0_1_viv(0,1,0,0,0,...]
Compiling architecture rtl of entity floating_point_v7_1_1.delay [\delay(12,0,false,false)\]
Compiling architecture synth of entity xbip_pipe_v3_0_1.xbip_pipe_v3_0_1_viv [\xbip_pipe_v3_0_1_viv(0,1,0,0,0,...]
Compiling architecture rtl of entity floating_point_v7_1_1.delay [\delay(11,0,false,false)\]
Compiling architecture struct of entity floating_point_v7_1_1.carry_chain [\carry_chain("kintex7",2,0,0,fal...]
Compiling architecture synth of entity floating_point_v7_1_1.compare_ne_im [\compare_ne_im("kintex7",11,(oth...]
Compiling architecture rtl of entity floating_point_v7_1_1.flt_fma_round_bit [\flt_fma_round_bit("kintex7",fal...]
Compiling architecture rtl of entity floating_point_v7_1_1.flt_fma_renorm_and_round_logic [\flt_fma_renorm_and_round_logic(...]
Compiling architecture rtl of entity floating_point_v7_1_1.flt_fma_norm_logic [\flt_fma_norm_logic("kintex7",0,...]
Compiling architecture synth of entity xbip_pipe_v3_0_1.xbip_pipe_v3_0_1_viv [\xbip_pipe_v3_0_1_viv(7,1,0,0,0,...]
Compiling architecture rtl of entity floating_point_v7_1_1.delay [\delay(1,7,false,false)\]
Compiling architecture struct of entity floating_point_v7_1_1.carry_chain [\carry_chain("kintex7",7,0,0,fal...]
Compiling architecture synth of entity xbip_pipe_v3_0_1.xbip_pipe_v3_0_1_viv [\xbip_pipe_v3_0_1_viv(7,1,0,0,0,...]
Compiling architecture rtl of entity floating_point_v7_1_1.delay [\delay(7,7,false,false)\]
Compiling architecture synth of entity xbip_pipe_v3_0_1.xbip_pipe_v3_0_1_viv [\xbip_pipe_v3_0_1_viv(3,1,0,0,0,...]
Compiling architecture rtl of entity floating_point_v7_1_1.delay [\delay(2,3,false,false)\]
Compiling architecture struct of entity floating_point_v7_1_1.carry_chain [\carry_chain("kintex7",4,0,1,fal...]
Compiling architecture synth of entity floating_point_v7_1_1.compare_eq_im [\compare_eq_im("kintex7",21,(oth...]
Compiling architecture rtl of entity floating_point_v7_1_1.special_detect [\special_detect("kintex7",false,...]
Compiling architecture synth of entity xbip_pipe_v3_0_1.xbip_pipe_v3_0_1_viv [\xbip_pipe_v3_0_1_viv(0,1,0,0,0,...]
Compiling architecture rtl of entity floating_point_v7_1_1.delay [\delay(4,0,false,true)\]
Compiling architecture synth of entity xbip_pipe_v3_0_1.xbip_pipe_v3_0_1_viv [\xbip_pipe_v3_0_1_viv(0,1,0,0,0,...]
Compiling architecture rtl of entity floating_point_v7_1_1.delay [\delay(1,0,false,true)\]
Compiling architecture rtl of entity floating_point_v7_1_1.flt_to_flt_conv_exp [\flt_to_flt_conv_exp(28,6,22,16,...]
Compiling architecture synth of entity xbip_pipe_v3_0_1.xbip_pipe_v3_0_1_viv [\xbip_pipe_v3_0_1_viv(0,1,0,0,0,...]
Compiling architecture rtl of entity floating_point_v7_1_1.delay [\delay(14,0,false,false)\]
Compiling architecture struct of entity floating_point_v7_1_1.carry_chain [\carry_chain("kintex7",14,0,1,fa...]
Compiling architecture synth of entity floating_point_v7_1_1.compare_gt [\compare_gt("kintex7",28,false,1...]
Compiling architecture synth of entity floating_point_v7_1_1.compare [\compare("kintex7",28,false,1)(1...]
Compiling architecture synth of entity xbip_pipe_v3_0_1.xbip_pipe_v3_0_1_viv [\xbip_pipe_v3_0_1_viv(1,1,0,0,0,...]
Compiling architecture rtl of entity floating_point_v7_1_1.delay [\delay(7,1,false,true)\]
Compiling architecture struct of entity floating_point_v7_1_1.carry_chain [\carry_chain("kintex7",7,1,1,fal...]
Compiling architecture synth of entity xbip_pipe_v3_0_1.xbip_pipe_v3_0_1_viv [\xbip_pipe_v3_0_1_viv(8,1,0,0,0,...]
Compiling architecture rtl of entity floating_point_v7_1_1.delay [\delay(2,8,false,true)\]
Compiling architecture synth of entity xbip_pipe_v3_0_1.xbip_pipe_v3_0_1_viv [\xbip_pipe_v3_0_1_viv(9,1,0,0,0,...]
Compiling architecture rtl of entity floating_point_v7_1_1.delay [\delay(1,9,false,true)\]
Compiling architecture synth of entity xbip_pipe_v3_0_1.xbip_pipe_v3_0_1_viv [\xbip_pipe_v3_0_1_viv(8,1,0,0,0,...]
Compiling architecture rtl of entity floating_point_v7_1_1.delay [\delay(1,8,false,true)\]
Compiling architecture synth of entity xbip_pipe_v3_0_1.xbip_pipe_v3_0_1_viv [\xbip_pipe_v3_0_1_viv(0,1,0,0,0,...]
Compiling architecture rtl of entity floating_point_v7_1_1.delay [\delay(2,0,false,true)\]
Compiling architecture rtl of entity floating_point_v7_1_1.flt_fma_add_exp [\flt_fma_add_exp("kintex7",28,6,...]
Compiling architecture synth of entity floating_point_v7_1_1.flt_dec_op [\flt_dec_op("kintex7",16,11,true...]
Compiling architecture rtl of entity floating_point_v7_1_1.flt_fma_add_logic [\flt_fma_add_logic("kintex7",1,2...]
Compiling architecture rtl of entity floating_point_v7_1_1.flt_fma_add [\flt_fma_add("kintex7",28,22,28,...]
Compiling architecture rtl of entity floating_point_v7_1_1.flt_fma [\flt_fma("kintex7",1,0,16,11,16,...]
Compiling architecture synth of entity xbip_pipe_v3_0_1.xbip_pipe_v3_0_1_viv [\xbip_pipe_v3_0_1_viv(15,1,0,0,0...]
Compiling architecture xilinx of entity floating_point_v7_1_1.floating_point_v7_1_1_viv [\floating_point_v7_1_1_viv("kint...]
Compiling architecture xilinx of entity floating_point_v7_1_1.floating_point_v7_1_1 [\floating_point_v7_1_1("kintex7"...]
Compiling architecture floating_point_0_arch of entity xil_defaultlib.floating_point_0 [floating_point_0_default]
Compiling module xil_defaultlib.gety
Compiling architecture xilinx of entity axi_utils_v2_0_1.axi_slave_2to1 [\axi_slave_2to1(16,false,1,false...]
Compiling architecture synth of entity xbip_pipe_v3_0_1.xbip_pipe_v3_0_1_viv [\xbip_pipe_v3_0_1_viv(2,1,0,0,0,...]
Compiling architecture rtl of entity floating_point_v7_1_1.delay [\delay(11,2,false,true)\]
Compiling architecture synth of entity xbip_pipe_v3_0_1.xbip_pipe_v3_0_1_viv [\xbip_pipe_v3_0_1_viv(0,1,0,0,0,...]
Compiling architecture rtl of entity floating_point_v7_1_1.delay [\delay(48,0,false,false)\]
Compiling architecture dsp48e1_v of entity unisim.DSP48E1 [\DSP48E1(1,1,1,1,"NO_RESET","DIR...]
Compiling architecture rtl of entity floating_point_v7_1_1.dsp48e1_wrapper [\dsp48e1_wrapper(11,16,48,11,27,...]
Compiling architecture synth of entity floating_point_v7_1_1.align_add_dsp48e1_hp [\align_add_dsp48e1_hp("kintex7",...]
Compiling architecture lut5_v of entity unisim.LUT5 [\LUT5("0000000000000000111111110...]
Compiling architecture lut5_v of entity unisim.LUT5 [\LUT5("0000000000000000000000001...]
Compiling architecture lut5_v of entity unisim.LUT5 [\LUT5("0000000000000000000000001...]
Compiling architecture lut5_v of entity unisim.LUT5 [\LUT5("0000000000000000000000000...]
Compiling architecture synth of entity xbip_pipe_v3_0_1.xbip_pipe_v3_0_1_viv [\xbip_pipe_v3_0_1_viv(1,1,0,0,0,...]
Compiling architecture rtl of entity floating_point_v7_1_1.delay [\delay(14,1,false,false)\]
Compiling architecture rtl of entity floating_point_v7_1_1.lead_zero_encode_shift_hp [\lead_zero_encode_shift_hp(11,5,...]
Compiling architecture lut6_v of entity unisim.LUT6 [\LUT6("1111111001010100101110100...]
Compiling architecture lut5_v of entity unisim.LUT5 [\LUT5("0001000101011111000000000...]
Compiling architecture lut5_v of entity unisim.LUT5 [\LUT5("1110111010100000111111111...]
Compiling architecture synth of entity xbip_pipe_v3_0_1.xbip_pipe_v3_0_1_viv [\xbip_pipe_v3_0_1_viv(0,1,0,0,0,...]
Compiling architecture rtl of entity floating_point_v7_1_1.delay [\delay(25,0,false,false)\]
Compiling architecture dsp48e1_v of entity unisim.DSP48E1 [\DSP48E1(2,1,0,2,"NO_RESET","DIR...]
Compiling architecture rtl of entity floating_point_v7_1_1.dsp48e1_wrapper [\dsp48e1_wrapper(13,16,48,25,19,...]
Compiling architecture rtl of entity floating_point_v7_1_1.norm_and_round_dsp48e1_hp [\norm_and_round_dsp48e1_hp("no_f...]
Compiling architecture lut5_v of entity unisim.LUT5 [\LUT5("1001100110011001100110011...]
Compiling architecture lut5_v of entity unisim.LUT5 [\LUT5("1111111100000000111100001...]
Compiling architecture struct of entity floating_point_v7_1_1.carry_chain [\carry_chain("kintex7",6,0,0,fal...]
Compiling architecture synth of entity xbip_pipe_v3_0_1.xbip_pipe_v3_0_1_viv [\xbip_pipe_v3_0_1_viv(5,1,0,0,0,...]
Compiling architecture rtl of entity floating_point_v7_1_1.delay [\delay(6,5,false,false)\]
Compiling architecture lut6_2_v of entity unisim.LUT6_2 [\LUT6_2("00001111111100001111000...]
Compiling architecture lut6_2_v of entity unisim.LUT6_2 [\LUT6_2("11101011101111101011111...]
Compiling architecture lut6_2_v of entity unisim.LUT6_2 [\LUT6_2("11111111111100000000111...]
Compiling architecture xilinx of entity mult_gen_v12_0_10.three_input_adder [\three_input_adder(7,7,7,9,0,0,0...]
Compiling architecture synth of entity xbip_pipe_v3_0_1.xbip_pipe_v3_0_1_viv [\xbip_pipe_v3_0_1_viv(1,1,0,0,0,...]
Compiling architecture rtl of entity floating_point_v7_1_1.delay [\delay(7,1,false,false)\]
Compiling architecture synth of entity xbip_pipe_v3_0_1.xbip_pipe_v3_0_1_viv [\xbip_pipe_v3_0_1_viv(0,1,0,0,0,...]
Compiling architecture rtl of entity floating_point_v7_1_1.delay [\delay(5,0,false,false)\]
Compiling architecture synth of entity xbip_pipe_v3_0_1.xbip_pipe_v3_0_1_viv [\xbip_pipe_v3_0_1_viv(0,1,0,0,0,...]
Compiling architecture rtl of entity floating_point_v7_1_1.delay [\delay(8,0,false,false)\]
Compiling architecture struct of entity floating_point_v7_1_1.carry_chain [\carry_chain("kintex7",8,0,1,fal...]
Compiling architecture synth of entity floating_point_v7_1_1.compare_gt [\compare_gt("kintex7",16,false,1...]
Compiling architecture synth of entity floating_point_v7_1_1.compare [\compare("kintex7",16,true,1)(1,...]
Compiling architecture rtl of entity floating_point_v7_1_1.flt_add_exp_hp [\flt_add_exp_hp("kintex7",16,5,1...]
Compiling architecture synth of entity xbip_pipe_v3_0_1.xbip_pipe_v3_0_1_viv [\xbip_pipe_v3_0_1_viv(1,1,0,0,0,...]
Compiling architecture rtl of entity floating_point_v7_1_1.delay [\delay(10,1,false,false)\]
Compiling architecture synth of entity floating_point_v7_1_1.flt_dec_op [\flt_dec_op("kintex7",16,11,true...]
Compiling architecture rtl of entity floating_point_v7_1_1.flt_add_dsp [\flt_add_dsp("kintex7",2,16,11,1...]
Compiling architecture rtl of entity floating_point_v7_1_1.flt_add [\flt_add("kintex7",1,0,0,0,16,11...]
Compiling architecture synth of entity xbip_pipe_v3_0_1.xbip_pipe_v3_0_1_viv [\xbip_pipe_v3_0_1_viv(11,1,0,0,0...]
Compiling architecture xilinx of entity floating_point_v7_1_1.floating_point_v7_1_1_viv [\floating_point_v7_1_1_viv("kint...]
Compiling architecture xilinx of entity floating_point_v7_1_1.floating_point_v7_1_1 [\floating_point_v7_1_1("kintex7"...]
Compiling architecture floating_point_1_arch of entity xil_defaultlib.floating_point_1 [floating_point_1_default]
Compiling architecture synth of entity xbip_pipe_v3_0_1.xbip_pipe_v3_0_1_viv [\xbip_pipe_v3_0_1_viv(1,1,0,0,0,...]
Compiling architecture rtl of entity floating_point_v7_1_1.delay [\delay(12,1,false,true)\]
Compiling architecture struct of entity floating_point_v7_1_1.carry_chain [\carry_chain("kintex7",12,1,0,fa...]
Compiling architecture synth of entity floating_point_v7_1_1.flt_div_mant_addsub [\flt_div_mant_addsub("kintex7",1...]
Compiling architecture synth of entity xbip_pipe_v3_0_1.xbip_pipe_v3_0_1_viv [\xbip_pipe_v3_0_1_viv(1,1,0,0,0,...]
Compiling architecture rtl of entity floating_point_v7_1_1.delay [\delay(13,1,false,false)\]
Compiling architecture virtex of entity floating_point_v7_1_1.flt_div_mant [\flt_div_mant("kintex7",11,1,(tr...]
Compiling architecture synth of entity xbip_pipe_v3_0_1.xbip_pipe_v3_0_1_viv [\xbip_pipe_v3_0_1_viv(2,1,0,0,0,...]
Compiling architecture rtl of entity floating_point_v7_1_1.delay [\delay(7,2,false,true)\]
Compiling architecture rtl of entity floating_point_v7_1_1.special_detect [\special_detect("no_family",fals...]
Compiling architecture synth of entity xbip_pipe_v3_0_1.xbip_pipe_v3_0_1_viv [\xbip_pipe_v3_0_1_viv(12,1,0,0,0...]
Compiling architecture rtl of entity floating_point_v7_1_1.delay [\delay(1,12,false,true)\]
Compiling architecture synth of entity xbip_pipe_v3_0_1.xbip_pipe_v3_0_1_viv [\xbip_pipe_v3_0_1_viv(2,1,0,0,0,...]
Compiling architecture rtl of entity floating_point_v7_1_1.delay [\delay(2,2,false,true)\]
Compiling architecture synth of entity xbip_pipe_v3_0_1.xbip_pipe_v3_0_1_viv [\xbip_pipe_v3_0_1_viv(13,1,0,0,0...]
Compiling architecture rtl of entity floating_point_v7_1_1.delay [\delay(1,13,false,true)\]
Compiling architecture synth of entity xbip_pipe_v3_0_1.xbip_pipe_v3_0_1_viv [\xbip_pipe_v3_0_1_viv(11,1,0,0,0...]
Compiling architecture rtl of entity floating_point_v7_1_1.delay [\delay(5,11,false,false)\]
Compiling architecture rtl of entity floating_point_v7_1_1.delay [\delay(1,11,false,true)\]
Compiling architecture synth of entity xbip_pipe_v3_0_1.xbip_pipe_v3_0_1_viv [\xbip_pipe_v3_0_1_viv(10,1,0,0,0...]
Compiling architecture rtl of entity floating_point_v7_1_1.delay [\delay(3,10,false,true)\]
Compiling architecture synth of entity xbip_pipe_v3_0_1.xbip_pipe_v3_0_1_viv [\xbip_pipe_v3_0_1_viv(11,1,0,0,0...]
Compiling architecture rtl of entity floating_point_v7_1_1.delay [\delay(4,11,false,true)\]
Compiling architecture synth of entity xbip_pipe_v3_0_1.xbip_pipe_v3_0_1_viv [\xbip_pipe_v3_0_1_viv(10,1,0,0,0...]
Compiling architecture rtl of entity floating_point_v7_1_1.delay [\delay(1,10,false,true)\]
Compiling architecture rtl of entity floating_point_v7_1_1.flt_div_exp [\flt_div_exp("no_family",false,1...]
Compiling architecture synth of entity xbip_pipe_v3_0_1.xbip_pipe_v3_0_1_viv [\xbip_pipe_v3_0_1_viv(1,1,0,0,0,...]
Compiling architecture rtl of entity floating_point_v7_1_1.delay [\delay(5,1,false,true)\]
Compiling architecture struct of entity floating_point_v7_1_1.carry_chain [\carry_chain("kintex7",5,1,0,fal...]
Compiling architecture struct of entity floating_point_v7_1_1.carry_chain [\carry_chain("kintex7",6,1,1,fal...]
Compiling architecture struct of entity floating_point_v7_1_1.carry_chain [\carry_chain("kintex7",5,0,0,fal...]
Compiling architecture synth of entity xbip_pipe_v3_0_1.xbip_pipe_v3_0_1_viv [\xbip_pipe_v3_0_1_viv(0,1,0,0,0,...]
Compiling architecture rtl of entity floating_point_v7_1_1.delay [\delay(12,0,false,true)\]
Compiling architecture struct of entity floating_point_v7_1_1.carry_chain [\carry_chain("kintex7",3,0,0,fal...]
Compiling architecture rtl of entity floating_point_v7_1_1.flt_round_bit [\flt_round_bit("kintex7",false,f...]
Compiling architecture rtl of entity floating_point_v7_1_1.renorm_and_round_logic [\renorm_and_round_logic("kintex7...]
Compiling architecture synth of entity floating_point_v7_1_1.flt_dec_op_lat [\flt_dec_op_lat("kintex7",16,11,...]
Compiling architecture virtex of entity floating_point_v7_1_1.flt_div [\flt_div("kintex7",0,16,11,16,11...]
Compiling architecture xilinx of entity floating_point_v7_1_1.floating_point_v7_1_1_viv [\floating_point_v7_1_1_viv("kint...]
Compiling architecture xilinx of entity floating_point_v7_1_1.floating_point_v7_1_1 [\floating_point_v7_1_1("kintex7"...]
Compiling architecture divide_arch of entity xil_defaultlib.divide [divide_default]
Compiling module xil_defaultlib.getf
Compiling module xil_defaultlib.softmax
Compiling module xil_defaultlib.softmax_tb
Compiling module xil_defaultlib.glbl
Waiting for 1 sub-compilation(s) to finish...
Built simulation snapshot softmax_tb_behav
