Vivado Simulator 2015.4
Time resolution is 1 ps
Note: 
******************************************************
  renorm_and_round_logic.vhd :
    FULL_MANT_RND1_DEL is using fast_input
    which will be faster, but create more FFs.
******************************************************
Time: 0 ps  Iteration: 0
Note: 
******************************************************
  renorm_and_round_logic.vhd :
    FULL_MANT_RND1_DEL is using fast_input
    which will be faster, but create more FFs.
******************************************************
Time: 0 ps  Iteration: 0
Note: 
******************************************************
  renorm_and_round_logic.vhd :
    FULL_MANT_RND1_DEL is using fast_input
    which will be faster, but create more FFs.
******************************************************
Time: 0 ps  Iteration: 0
Note: 
******************************************************
  renorm_and_round_logic.vhd :
    FULL_MANT_RND1_DEL is using fast_input
    which will be faster, but create more FFs.
******************************************************
Time: 0 ps  Iteration: 0
Note: 
******************************************************
  renorm_and_round_logic.vhd :
    FULL_MANT_RND1_DEL is using fast_input
    which will be faster, but create more FFs.
******************************************************
Time: 0 ps  Iteration: 0
Note: 
******************************************************
  renorm_and_round_logic.vhd :
    FULL_MANT_RND1_DEL is using fast_input
    which will be faster, but create more FFs.
******************************************************
Time: 0 ps  Iteration: 0
Note: 
******************************************************
  renorm_and_round_logic.vhd :
    FULL_MANT_RND1_DEL is using fast_input
    which will be faster, but create more FFs.
******************************************************
Time: 0 ps  Iteration: 0
Note: 
******************************************************
  renorm_and_round_logic.vhd :
    FULL_MANT_RND1_DEL is using fast_input
    which will be faster, but create more FFs.
******************************************************
Time: 0 ps  Iteration: 0
Note: 
******************************************************
  renorm_and_round_logic.vhd :
    FULL_MANT_RND1_DEL is using fast_input
    which will be faster, but create more FFs.
******************************************************
Time: 0 ps  Iteration: 0
Note: 
******************************************************
  renorm_and_round_logic.vhd :
    FULL_MANT_RND1_DEL is using fast_input
    which will be faster, but create more FFs.
******************************************************
Time: 0 ps  Iteration: 0
Note: 
******************************************************
  renorm_and_round_logic.vhd :
    FULL_MANT_RND1_DEL is using fast_input
    which will be faster, but create more FFs.
******************************************************
Time: 0 ps  Iteration: 0
Note: 
******************************************************
  renorm_and_round_logic.vhd :
    FULL_MANT_RND1_DEL is using fast_input
    which will be faster, but create more FFs.
******************************************************
Time: 0 ps  Iteration: 0
Note: 
******************************************************
  renorm_and_round_logic.vhd :
    FULL_MANT_RND1_DEL is using fast_input
    which will be faster, but create more FFs.
******************************************************
Time: 0 ps  Iteration: 0
Note: 
******************************************************
  renorm_and_round_logic.vhd :
    FULL_MANT_RND1_DEL is using fast_input
    which will be faster, but create more FFs.
******************************************************
Time: 0 ps  Iteration: 0
Note: 
******************************************************
  renorm_and_round_logic.vhd :
    FULL_MANT_RND1_DEL is using fast_input
    which will be faster, but create more FFs.
******************************************************
Time: 0 ps  Iteration: 0
Note: 
******************************************************
  renorm_and_round_logic.vhd :
    FULL_MANT_RND1_DEL is using fast_input
    which will be faster, but create more FFs.
******************************************************
Time: 0 ps  Iteration: 0
Note: 
******************************************************
  renorm_and_round_logic.vhd :
    FULL_MANT_RND1_DEL is using fast_input
    which will be faster, but create more FFs.
******************************************************
Time: 0 ps  Iteration: 0
Note: 
******************************************************
  renorm_and_round_logic.vhd :
    FULL_MANT_RND1_DEL is using fast_input
    which will be faster, but create more FFs.
******************************************************
Time: 0 ps  Iteration: 0
Note: 
******************************************************
  renorm_and_round_logic.vhd :
    FULL_MANT_RND1_DEL is using fast_input
    which will be faster, but create more FFs.
******************************************************
Time: 0 ps  Iteration: 0
Note: 
******************************************************
  renorm_and_round_logic.vhd :
    FULL_MANT_RND1_DEL is using fast_input
    which will be faster, but create more FFs.
******************************************************
Time: 0 ps  Iteration: 0
