
*** Running vivado
    with args -log floating_point_1.vds -m64 -product Vivado -mode batch -messageDb vivado.pb -notrace -source floating_point_1.tcl


****** Vivado v2018.3 (64-bit)
  **** SW Build 2405991 on Thu Dec  6 23:38:27 MST 2018
  **** IP Build 2404404 on Fri Dec  7 01:43:56 MST 2018
    ** Copyright 1986-2018 Xilinx, Inc. All Rights Reserved.

source floating_point_1.tcl -notrace
Command: synth_design -top floating_point_1 -part xc7vx485tffg1761-2 -mode out_of_context
Starting synth_design
WARNING: [Vivado_Tcl 4-393] The 'Synthesis' target of the following IPs are stale, please generate the output products using the generate_target or synth_ip command before running synth_design.
D:/Project/verilog_pro/softmax/prj1/softmax/softmax.srcs/sources_1/ip/floating_point_1/floating_point_1.xci

INFO: [IP_Flow 19-2162] IP 'floating_point_1' is locked:
* IP definition 'Floating-point (7.1)' for IP 'floating_point_1' (customized with software release 2015.4) has a different revision in the IP Catalog.
* Current project part 'xc7vx485tffg1761-2' and the part 'xc7k325tffg900-2' used to customize the IP 'floating_point_1' do not match.
Please select 'Report IP Status' from the 'Tools/Report' menu or run Tcl command 'report_ip_status' for more information.
Attempting to get a license for feature 'Synthesis' and/or device 'xc7vx485t'
INFO: [Common 17-349] Got license for feature 'Synthesis' and/or device 'xc7vx485t'
INFO: Launching helper process for spawning children vivado processes
INFO: Helper process launched with PID 8900 
---------------------------------------------------------------------------------
Starting RTL Elaboration : Time (s): cpu = 00:00:06 ; elapsed = 00:00:07 . Memory (MB): peak = 469.668 ; gain = 101.340
---------------------------------------------------------------------------------
INFO: [Synth 8-638] synthesizing module 'floating_point_1' [d:/Project/verilog_pro/softmax/prj1/softmax/softmax.srcs/sources_1/ip/floating_point_1/synth/floating_point_1.vhd:74]
	Parameter C_XDEVICEFAMILY bound to: kintex7 - type: string 
	Parameter C_HAS_ADD bound to: 1 - type: integer 
	Parameter C_HAS_SUBTRACT bound to: 0 - type: integer 
	Parameter C_HAS_MULTIPLY bound to: 0 - type: integer 
	Parameter C_HAS_DIVIDE bound to: 0 - type: integer 
	Parameter C_HAS_SQRT bound to: 0 - type: integer 
	Parameter C_HAS_COMPARE bound to: 0 - type: integer 
	Parameter C_HAS_FIX_TO_FLT bound to: 0 - type: integer 
	Parameter C_HAS_FLT_TO_FIX bound to: 0 - type: integer 
	Parameter C_HAS_FLT_TO_FLT bound to: 0 - type: integer 
	Parameter C_HAS_RECIP bound to: 0 - type: integer 
	Parameter C_HAS_RECIP_SQRT bound to: 0 - type: integer 
	Parameter C_HAS_ABSOLUTE bound to: 0 - type: integer 
	Parameter C_HAS_LOGARITHM bound to: 0 - type: integer 
	Parameter C_HAS_EXPONENTIAL bound to: 0 - type: integer 
	Parameter C_HAS_FMA bound to: 0 - type: integer 
	Parameter C_HAS_FMS bound to: 0 - type: integer 
	Parameter C_HAS_ACCUMULATOR_A bound to: 0 - type: integer 
	Parameter C_HAS_ACCUMULATOR_S bound to: 0 - type: integer 
	Parameter C_A_WIDTH bound to: 16 - type: integer 
	Parameter C_A_FRACTION_WIDTH bound to: 11 - type: integer 
	Parameter C_B_WIDTH bound to: 16 - type: integer 
	Parameter C_B_FRACTION_WIDTH bound to: 11 - type: integer 
	Parameter C_C_WIDTH bound to: 16 - type: integer 
	Parameter C_C_FRACTION_WIDTH bound to: 11 - type: integer 
	Parameter C_RESULT_WIDTH bound to: 16 - type: integer 
	Parameter C_RESULT_FRACTION_WIDTH bound to: 11 - type: integer 
	Parameter C_COMPARE_OPERATION bound to: 8 - type: integer 
	Parameter C_LATENCY bound to: 12 - type: integer 
	Parameter C_OPTIMIZATION bound to: 1 - type: integer 
	Parameter C_MULT_USAGE bound to: 2 - type: integer 
	Parameter C_BRAM_USAGE bound to: 0 - type: integer 
	Parameter C_RATE bound to: 1 - type: integer 
	Parameter C_ACCUM_INPUT_MSB bound to: 15 - type: integer 
	Parameter C_ACCUM_MSB bound to: 32 - type: integer 
	Parameter C_ACCUM_LSB bound to: -24 - type: integer 
	Parameter C_HAS_UNDERFLOW bound to: 0 - type: integer 
	Parameter C_HAS_OVERFLOW bound to: 0 - type: integer 
	Parameter C_HAS_INVALID_OP bound to: 0 - type: integer 
	Parameter C_HAS_DIVIDE_BY_ZERO bound to: 0 - type: integer 
	Parameter C_HAS_ACCUM_OVERFLOW bound to: 0 - type: integer 
	Parameter C_HAS_ACCUM_INPUT_OVERFLOW bound to: 0 - type: integer 
	Parameter C_HAS_ACLKEN bound to: 0 - type: integer 
	Parameter C_HAS_ARESETN bound to: 0 - type: integer 
	Parameter C_THROTTLE_SCHEME bound to: 1 - type: integer 
	Parameter C_HAS_A_TUSER bound to: 0 - type: integer 
	Parameter C_HAS_A_TLAST bound to: 0 - type: integer 
	Parameter C_HAS_B bound to: 1 - type: integer 
	Parameter C_HAS_B_TUSER bound to: 0 - type: integer 
	Parameter C_HAS_B_TLAST bound to: 0 - type: integer 
	Parameter C_HAS_C bound to: 0 - type: integer 
	Parameter C_HAS_C_TUSER bound to: 0 - type: integer 
	Parameter C_HAS_C_TLAST bound to: 0 - type: integer 
	Parameter C_HAS_OPERATION bound to: 0 - type: integer 
	Parameter C_HAS_OPERATION_TUSER bound to: 0 - type: integer 
	Parameter C_HAS_OPERATION_TLAST bound to: 0 - type: integer 
	Parameter C_HAS_RESULT_TUSER bound to: 0 - type: integer 
	Parameter C_HAS_RESULT_TLAST bound to: 0 - type: integer 
	Parameter C_TLAST_RESOLUTION bound to: 0 - type: integer 
	Parameter C_A_TDATA_WIDTH bound to: 16 - type: integer 
	Parameter C_A_TUSER_WIDTH bound to: 1 - type: integer 
	Parameter C_B_TDATA_WIDTH bound to: 16 - type: integer 
	Parameter C_B_TUSER_WIDTH bound to: 1 - type: integer 
	Parameter C_C_TDATA_WIDTH bound to: 16 - type: integer 
	Parameter C_C_TUSER_WIDTH bound to: 1 - type: integer 
	Parameter C_OPERATION_TDATA_WIDTH bound to: 8 - type: integer 
	Parameter C_OPERATION_TUSER_WIDTH bound to: 1 - type: integer 
	Parameter C_RESULT_TDATA_WIDTH bound to: 16 - type: integer 
	Parameter C_RESULT_TUSER_WIDTH bound to: 1 - type: integer 
	Parameter C_FIXED_DATA_UNSIGNED bound to: 0 - type: integer 
INFO: [Synth 8-3491] module 'floating_point_v7_1_1' declared at 'd:/Project/verilog_pro/softmax/prj1/softmax/softmax.srcs/sources_1/ip/floating_point_1/floating_point_v7_1_1/hdl/floating_point_v7_1_vh_rfs.vhd:91604' bound to instance 'U0' of component 'floating_point_v7_1_1' [d:/Project/verilog_pro/softmax/prj1/softmax/softmax.srcs/sources_1/ip/floating_point_1/synth/floating_point_1.vhd:200]
INFO: [Synth 8-256] done synthesizing module 'floating_point_1' (20#1) [d:/Project/verilog_pro/softmax/prj1/softmax/softmax.srcs/sources_1/ip/floating_point_1/synth/floating_point_1.vhd:74]
WARNING: [Synth 8-3331] design axi_slave_2to1 has unconnected port s_axis_a_tuser[0]
WARNING: [Synth 8-3331] design axi_slave_2to1 has unconnected port s_axis_a_tlast
WARNING: [Synth 8-3331] design axi_slave_2to1 has unconnected port s_axis_b_tuser[0]
WARNING: [Synth 8-3331] design axi_slave_2to1 has unconnected port s_axis_b_tlast
WARNING: [Synth 8-3331] design xbip_pipe_v3_0_1_viv__parameterized63 has unconnected port CLK
WARNING: [Synth 8-3331] design xbip_pipe_v3_0_1_viv__parameterized63 has unconnected port CE
WARNING: [Synth 8-3331] design xbip_pipe_v3_0_1_viv__parameterized63 has unconnected port SCLR
WARNING: [Synth 8-3331] design xbip_pipe_v3_0_1_viv__parameterized63 has unconnected port SSET
WARNING: [Synth 8-3331] design xbip_pipe_v3_0_1_viv__parameterized63 has unconnected port SINIT
WARNING: [Synth 8-3331] design xbip_pipe_v3_0_1_viv__parameterized55 has unconnected port SCLR
WARNING: [Synth 8-3331] design xbip_pipe_v3_0_1_viv__parameterized55 has unconnected port SSET
WARNING: [Synth 8-3331] design xbip_pipe_v3_0_1_viv__parameterized55 has unconnected port SINIT
WARNING: [Synth 8-3331] design xbip_pipe_v3_0_1_viv__parameterized53 has unconnected port SCLR
WARNING: [Synth 8-3331] design xbip_pipe_v3_0_1_viv__parameterized53 has unconnected port SSET
WARNING: [Synth 8-3331] design xbip_pipe_v3_0_1_viv__parameterized53 has unconnected port SINIT
WARNING: [Synth 8-3331] design three_input_adder has unconnected port clk
WARNING: [Synth 8-3331] design three_input_adder has unconnected port ce
WARNING: [Synth 8-3331] design three_input_adder has unconnected port sclr
WARNING: [Synth 8-3331] design three_input_adder has unconnected port addsub
WARNING: [Synth 8-3331] design xbip_pipe_v3_0_1_viv__parameterized51 has unconnected port SCLR
WARNING: [Synth 8-3331] design xbip_pipe_v3_0_1_viv__parameterized51 has unconnected port SSET
WARNING: [Synth 8-3331] design xbip_pipe_v3_0_1_viv__parameterized51 has unconnected port SINIT
WARNING: [Synth 8-3331] design xbip_pipe_v3_0_1_viv__parameterized43 has unconnected port SCLR
WARNING: [Synth 8-3331] design xbip_pipe_v3_0_1_viv__parameterized43 has unconnected port SSET
WARNING: [Synth 8-3331] design xbip_pipe_v3_0_1_viv__parameterized43 has unconnected port SINIT
WARNING: [Synth 8-3331] design xbip_pipe_v3_0_1_viv__parameterized41 has unconnected port CLK
WARNING: [Synth 8-3331] design xbip_pipe_v3_0_1_viv__parameterized41 has unconnected port CE
WARNING: [Synth 8-3331] design xbip_pipe_v3_0_1_viv__parameterized41 has unconnected port SCLR
WARNING: [Synth 8-3331] design xbip_pipe_v3_0_1_viv__parameterized41 has unconnected port SSET
WARNING: [Synth 8-3331] design xbip_pipe_v3_0_1_viv__parameterized41 has unconnected port SINIT
WARNING: [Synth 8-3331] design carry_chain__parameterized1 has unconnected port B[5]
WARNING: [Synth 8-3331] design xbip_pipe_v3_0_1_viv__parameterized61 has unconnected port SCLR
WARNING: [Synth 8-3331] design xbip_pipe_v3_0_1_viv__parameterized61 has unconnected port SSET
WARNING: [Synth 8-3331] design xbip_pipe_v3_0_1_viv__parameterized61 has unconnected port SINIT
WARNING: [Synth 8-3331] design xbip_pipe_v3_0_1_viv__parameterized59 has unconnected port CLK
WARNING: [Synth 8-3331] design xbip_pipe_v3_0_1_viv__parameterized59 has unconnected port CE
WARNING: [Synth 8-3331] design xbip_pipe_v3_0_1_viv__parameterized59 has unconnected port SCLR
WARNING: [Synth 8-3331] design xbip_pipe_v3_0_1_viv__parameterized59 has unconnected port SSET
WARNING: [Synth 8-3331] design xbip_pipe_v3_0_1_viv__parameterized59 has unconnected port SINIT
WARNING: [Synth 8-3331] design xbip_pipe_v3_0_1_viv__parameterized35 has unconnected port SCLR
WARNING: [Synth 8-3331] design xbip_pipe_v3_0_1_viv__parameterized35 has unconnected port SSET
WARNING: [Synth 8-3331] design xbip_pipe_v3_0_1_viv__parameterized35 has unconnected port SINIT
WARNING: [Synth 8-3331] design xbip_pipe_v3_0_1_viv__parameterized57 has unconnected port SCLR
WARNING: [Synth 8-3331] design xbip_pipe_v3_0_1_viv__parameterized57 has unconnected port SSET
WARNING: [Synth 8-3331] design xbip_pipe_v3_0_1_viv__parameterized57 has unconnected port SINIT
WARNING: [Synth 8-3331] design xbip_pipe_v3_0_1_viv__parameterized49 has unconnected port SCLR
WARNING: [Synth 8-3331] design xbip_pipe_v3_0_1_viv__parameterized49 has unconnected port SSET
WARNING: [Synth 8-3331] design xbip_pipe_v3_0_1_viv__parameterized49 has unconnected port SINIT
WARNING: [Synth 8-3331] design xbip_pipe_v3_0_1_viv__parameterized47 has unconnected port SCLR
WARNING: [Synth 8-3331] design xbip_pipe_v3_0_1_viv__parameterized47 has unconnected port SSET
WARNING: [Synth 8-3331] design xbip_pipe_v3_0_1_viv__parameterized47 has unconnected port SINIT
WARNING: [Synth 8-3331] design xbip_pipe_v3_0_1_viv__parameterized45 has unconnected port SCLR
WARNING: [Synth 8-3331] design xbip_pipe_v3_0_1_viv__parameterized45 has unconnected port SSET
WARNING: [Synth 8-3331] design xbip_pipe_v3_0_1_viv__parameterized45 has unconnected port SINIT
WARNING: [Synth 8-3331] design xbip_pipe_v3_0_1_viv__parameterized39 has unconnected port SCLR
WARNING: [Synth 8-3331] design xbip_pipe_v3_0_1_viv__parameterized39 has unconnected port SSET
WARNING: [Synth 8-3331] design xbip_pipe_v3_0_1_viv__parameterized39 has unconnected port SINIT
WARNING: [Synth 8-3331] design xbip_pipe_v3_0_1_viv__parameterized25 has unconnected port SCLR
WARNING: [Synth 8-3331] design xbip_pipe_v3_0_1_viv__parameterized25 has unconnected port SSET
WARNING: [Synth 8-3331] design xbip_pipe_v3_0_1_viv__parameterized25 has unconnected port SINIT
WARNING: [Synth 8-3331] design xbip_pipe_v3_0_1_viv__parameterized13 has unconnected port CLK
WARNING: [Synth 8-3331] design xbip_pipe_v3_0_1_viv__parameterized13 has unconnected port CE
WARNING: [Synth 8-3331] design xbip_pipe_v3_0_1_viv__parameterized13 has unconnected port SCLR
WARNING: [Synth 8-3331] design xbip_pipe_v3_0_1_viv__parameterized13 has unconnected port SSET
WARNING: [Synth 8-3331] design xbip_pipe_v3_0_1_viv__parameterized13 has unconnected port SINIT
WARNING: [Synth 8-3331] design xbip_pipe_v3_0_1_viv__parameterized37 has unconnected port CLK
WARNING: [Synth 8-3331] design xbip_pipe_v3_0_1_viv__parameterized37 has unconnected port CE
WARNING: [Synth 8-3331] design xbip_pipe_v3_0_1_viv__parameterized37 has unconnected port SCLR
WARNING: [Synth 8-3331] design xbip_pipe_v3_0_1_viv__parameterized37 has unconnected port SSET
WARNING: [Synth 8-3331] design xbip_pipe_v3_0_1_viv__parameterized37 has unconnected port SINIT
WARNING: [Synth 8-3331] design carry_chain__parameterized0 has unconnected port CARRYS_OUT[6]
WARNING: [Synth 8-3331] design carry_chain__parameterized0 has unconnected port CARRYS_OUT[5]
WARNING: [Synth 8-3331] design carry_chain__parameterized0 has unconnected port CARRYS_OUT[4]
WARNING: [Synth 8-3331] design carry_chain__parameterized0 has unconnected port CARRYS_OUT[3]
WARNING: [Synth 8-3331] design carry_chain__parameterized0 has unconnected port CARRYS_OUT[2]
WARNING: [Synth 8-3331] design carry_chain__parameterized0 has unconnected port CARRYS_OUT[1]
WARNING: [Synth 8-3331] design carry_chain__parameterized0 has unconnected port CARRYS_OUT[0]
WARNING: [Synth 8-3331] design xbip_pipe_v3_0_1_viv__parameterized33 has unconnected port CLK
WARNING: [Synth 8-3331] design xbip_pipe_v3_0_1_viv__parameterized33 has unconnected port CE
WARNING: [Synth 8-3331] design xbip_pipe_v3_0_1_viv__parameterized33 has unconnected port SCLR
WARNING: [Synth 8-3331] design xbip_pipe_v3_0_1_viv__parameterized33 has unconnected port SSET
WARNING: [Synth 8-3331] design xbip_pipe_v3_0_1_viv__parameterized33 has unconnected port SINIT
WARNING: [Synth 8-3331] design carry_chain has unconnected port CARRYS_OUT[0]
WARNING: [Synth 8-3331] design compare_eq_im has unconnected port CARRYS_OUT[0]
WARNING: [Synth 8-3331] design special_detect has unconnected port A[15]
WARNING: [Synth 8-3331] design flt_add_exp_hp has unconnected port ZERO_ALIGN
WARNING: [Synth 8-3331] design flt_add_exp_hp has unconnected port ROUND_EXP_INC
WARNING: [Synth 8-3331] design flt_add_exp_hp has unconnected port ADD_MANT_MSBS[1]
WARNING: [Synth 8-3331] design flt_add_exp_hp has unconnected port ADD_MANT_MSBS[0]
WARNING: [Synth 8-3331] design xbip_pipe_v3_0_1_viv__parameterized31 has unconnected port CLK
WARNING: [Synth 8-3331] design xbip_pipe_v3_0_1_viv__parameterized31 has unconnected port CE
WARNING: [Synth 8-3331] design xbip_pipe_v3_0_1_viv__parameterized31 has unconnected port SCLR
WARNING: [Synth 8-3331] design xbip_pipe_v3_0_1_viv__parameterized31 has unconnected port SSET
WARNING: [Synth 8-3331] design xbip_pipe_v3_0_1_viv__parameterized31 has unconnected port SINIT
WARNING: [Synth 8-3331] design xbip_pipe_v3_0_1_viv__parameterized19 has unconnected port CLK
WARNING: [Synth 8-3331] design xbip_pipe_v3_0_1_viv__parameterized19 has unconnected port CE
WARNING: [Synth 8-3331] design xbip_pipe_v3_0_1_viv__parameterized19 has unconnected port SCLR
WARNING: [Synth 8-3331] design xbip_pipe_v3_0_1_viv__parameterized19 has unconnected port SSET
WARNING: [Synth 8-3331] design xbip_pipe_v3_0_1_viv__parameterized19 has unconnected port SINIT
WARNING: [Synth 8-3331] design xbip_pipe_v3_0_1_viv__parameterized29 has unconnected port CLK
INFO: [Common 17-14] Message 'Synth 8-3331' appears 100 times and further instances of the messages will be disabled. Use the Tcl command set_msg_config to change the current settings.
---------------------------------------------------------------------------------
Finished RTL Elaboration : Time (s): cpu = 00:00:12 ; elapsed = 00:00:13 . Memory (MB): peak = 582.652 ; gain = 214.324
---------------------------------------------------------------------------------

Report Check Netlist: 
+------+------------------+-------+---------+-------+------------------+
|      |Item              |Errors |Warnings |Status |Description       |
+------+------------------+-------+---------+-------+------------------+
|1     |multi_driven_nets |      0|        0|Passed |Multi driven nets |
+------+------------------+-------+---------+-------+------------------+
---------------------------------------------------------------------------------
Start Handling Custom Attributes
---------------------------------------------------------------------------------
---------------------------------------------------------------------------------
Finished Handling Custom Attributes : Time (s): cpu = 00:00:12 ; elapsed = 00:00:14 . Memory (MB): peak = 582.652 ; gain = 214.324
---------------------------------------------------------------------------------
---------------------------------------------------------------------------------
Finished RTL Optimization Phase 1 : Time (s): cpu = 00:00:12 ; elapsed = 00:00:14 . Memory (MB): peak = 582.652 ; gain = 214.324
---------------------------------------------------------------------------------
INFO: [Netlist 29-17] Analyzing 65 Unisim elements for replacement
INFO: [Netlist 29-28] Unisim Transformation completed in 0 CPU seconds
INFO: [Device 21-403] Loading part xc7vx485tffg1761-2
INFO: [Project 1-570] Preparing netlist for logic optimization

Processing XDC Constraints
Initializing timing engine
Parsing XDC File [d:/Project/verilog_pro/softmax/prj1/softmax/softmax.srcs/sources_1/ip/floating_point_1/floating_point_1_ooc.xdc] for cell 'U0'
Finished Parsing XDC File [d:/Project/verilog_pro/softmax/prj1/softmax/softmax.srcs/sources_1/ip/floating_point_1/floating_point_1_ooc.xdc] for cell 'U0'
Parsing XDC File [D:/Project/verilog_pro/softmax/prj1/softmax/softmax.runs/floating_point_1_synth_1/dont_touch.xdc]
Finished Parsing XDC File [D:/Project/verilog_pro/softmax/prj1/softmax/softmax.runs/floating_point_1_synth_1/dont_touch.xdc]
Completed Processing XDC Constraints

Netlist sorting complete. Time (s): cpu = 00:00:00 ; elapsed = 00:00:00.001 . Memory (MB): peak = 967.305 ; gain = 0.000
INFO: [Project 1-111] Unisim Transformation Summary:
  A total of 11 instances were transformed.
  FDE => FDRE: 3 instances
  LUT6_2 => LUT6_2 (LUT5, LUT6): 8 instances

Netlist sorting complete. Time (s): cpu = 00:00:00 ; elapsed = 00:00:00.001 . Memory (MB): peak = 967.305 ; gain = 0.000
Constraint Validation Runtime : Time (s): cpu = 00:00:00 ; elapsed = 00:00:00.060 . Memory (MB): peak = 968.684 ; gain = 1.379
---------------------------------------------------------------------------------
Finished Constraint Validation : Time (s): cpu = 00:00:28 ; elapsed = 00:00:31 . Memory (MB): peak = 968.684 ; gain = 600.355
---------------------------------------------------------------------------------
---------------------------------------------------------------------------------
Start Loading Part and Timing Information
---------------------------------------------------------------------------------
Loading part: xc7vx485tffg1761-2
---------------------------------------------------------------------------------
Finished Loading Part and Timing Information : Time (s): cpu = 00:00:28 ; elapsed = 00:00:31 . Memory (MB): peak = 968.684 ; gain = 600.355
---------------------------------------------------------------------------------
---------------------------------------------------------------------------------
Start Applying 'set_property' XDC Constraints
---------------------------------------------------------------------------------
Applied set_property DONT_TOUCH = true for U0. (constraint file  D:/Project/verilog_pro/softmax/prj1/softmax/softmax.runs/floating_point_1_synth_1/dont_touch.xdc, line 9).
---------------------------------------------------------------------------------
Finished applying 'set_property' XDC Constraints : Time (s): cpu = 00:00:29 ; elapsed = 00:00:31 . Memory (MB): peak = 968.684 ; gain = 600.355
---------------------------------------------------------------------------------
INFO: [Synth 8-5546] ROM "exp_all_one_ip" won't be mapped to RAM because it is too sparse
INFO: [Synth 8-5546] ROM "exp_all_zero_ip" won't be mapped to RAM because it is too sparse
INFO: [Synth 8-5546] ROM "exp_over_int" won't be mapped to RAM because it is too sparse
INFO: [Synth 8-5546] ROM "ip_sig" won't be mapped to RAM because it is too sparse
INFO: [Synth 8-5546] ROM "exp_over_int" won't be mapped to RAM because it is too sparse
INFO: [Synth 8-5546] ROM "ip_sig" won't be mapped to RAM because it is too sparse
INFO: [Synth 8-5544] ROM "det_state" won't be mapped to Block RAM because address size (1) smaller than threshold (5)
---------------------------------------------------------------------------------
Finished RTL Optimization Phase 2 : Time (s): cpu = 00:00:30 ; elapsed = 00:00:32 . Memory (MB): peak = 968.684 ; gain = 600.355
---------------------------------------------------------------------------------
INFO: [Synth 8-223] decloning instance 'U0/i_synth/DELAY_DIVIDE_BY_ZERO' (delay__parameterized5) to 'U0/i_synth/DELAY_ACCUM_OVERFLOW'
INFO: [Synth 8-223] decloning instance 'U0/i_synth/DELAY_DIVIDE_BY_ZERO' (delay__parameterized5) to 'U0/i_synth/DELAY_ACCUM_INPUT_OVERFLOW'

Report RTL Partitions: 
+-+--------------+------------+----------+
| |RTL Partition |Replication |Instances |
+-+--------------+------------+----------+
+-+--------------+------------+----------+
---------------------------------------------------------------------------------
Start RTL Component Statistics 
---------------------------------------------------------------------------------
---------------------------------------------------------------------------------
Finished RTL Component Statistics 
---------------------------------------------------------------------------------
---------------------------------------------------------------------------------
Start RTL Hierarchical Component Statistics 
---------------------------------------------------------------------------------
---------------------------------------------------------------------------------
Finished RTL Hierarchical Component Statistics
---------------------------------------------------------------------------------
---------------------------------------------------------------------------------
Start Part Resource Summary
---------------------------------------------------------------------------------
Part Resources:
DSPs: 2800 (col length:140)
BRAMs: 2060 (col length: RAMB18 140 RAMB36 70)
---------------------------------------------------------------------------------
Finished Part Resource Summary
---------------------------------------------------------------------------------
---------------------------------------------------------------------------------
Start Cross Boundary and Area Optimization
---------------------------------------------------------------------------------
Warning: Parallel synthesis criteria is not met 
INFO: [Synth 8-5546] ROM "COND_DET_B/exp_all_one_ip" won't be mapped to RAM because it is too sparse
INFO: [Synth 8-5546] ROM "COND_DET_B/exp_all_zero_ip" won't be mapped to RAM because it is too sparse
INFO: [Synth 8-5546] ROM "ip_sig" won't be mapped to RAM because it is too sparse
INFO: [Synth 8-3333] propagating constant 0 across sequential element (U0/i_synth/\ADDSUB_OP.ADDSUB/SPEED_OP.DSP.OP/DSP48E1_BODY_HP.NORM_RND/FULL_USAGE_DSP.LOD/DIST_DELAY/i_pipe /\opt_has_pipe.first_q_reg[4] )
INFO: [Synth 8-3886] merging instance 'U0/i_synth/ADDSUB_OP.ADDSUB/SPEED_OP.DSP.OP/DSP48E1_BODY_HP.EXP/DEC_STATE_PRE_OP_DELAY/i_pipe/opt_has_pipe.first_q_reg[4]' (FDE) to 'U0/i_synth/ADDSUB_OP.ADDSUB/SPEED_OP.DSP.OP/DSP48E1_BODY_HP.EXP/DEC_STATE_PRE_OP_DELAY/i_pipe/opt_has_pipe.first_q_reg[7]'
INFO: [Synth 8-3886] merging instance 'U0/i_synth/ADDSUB_OP.ADDSUB/SPEED_OP.DSP.OP/DSP48E1_BODY_HP.EXP/DEC_STATE_PRE_OP_DELAY/i_pipe/opt_has_pipe.first_q_reg[6]' (FDE) to 'U0/i_synth/ADDSUB_OP.ADDSUB/SPEED_OP.DSP.OP/DSP48E1_BODY_HP.EXP/DEC_STATE_PRE_OP_DELAY/i_pipe/opt_has_pipe.first_q_reg[7]'
INFO: [Synth 8-3333] propagating constant 0 across sequential element (U0/i_synth/\ADDSUB_OP.ADDSUB/SPEED_OP.DSP.OP/DSP48E1_BODY_HP.EXP /\DEC_STATE_PRE_OP_DELAY/i_pipe/opt_has_pipe.first_q_reg[7] )
INFO: [Synth 8-3332] Sequential element (ADDSUB_OP.ADDSUB/SPEED_OP.DSP.OP/DSP48E1_BODY_HP.NORM_RND/FULL_USAGE_DSP.LOD/dist_norm_reg[1]) is unused and will be removed from module floating_point_v7_1_1_viv.
INFO: [Synth 8-3332] Sequential element (ADDSUB_OP.ADDSUB/SPEED_OP.DSP.OP/DSP48E1_BODY_HP.NORM_RND/FULL_USAGE_DSP.LOD/dist_norm_reg[0]) is unused and will be removed from module floating_point_v7_1_1_viv.
---------------------------------------------------------------------------------
Finished Cross Boundary and Area Optimization : Time (s): cpu = 00:00:31 ; elapsed = 00:00:34 . Memory (MB): peak = 968.684 ; gain = 600.355
---------------------------------------------------------------------------------

Report RTL Partitions: 
+-+--------------+------------+----------+
| |RTL Partition |Replication |Instances |
+-+--------------+------------+----------+
+-+--------------+------------+----------+
---------------------------------------------------------------------------------
Start Applying XDC Timing Constraints
---------------------------------------------------------------------------------
---------------------------------------------------------------------------------
Finished Applying XDC Timing Constraints : Time (s): cpu = 00:00:48 ; elapsed = 00:00:51 . Memory (MB): peak = 1058.555 ; gain = 690.227
---------------------------------------------------------------------------------
---------------------------------------------------------------------------------
Start Timing Optimization
---------------------------------------------------------------------------------
---------------------------------------------------------------------------------
Finished Timing Optimization : Time (s): cpu = 00:00:49 ; elapsed = 00:00:51 . Memory (MB): peak = 1079.738 ; gain = 711.410
---------------------------------------------------------------------------------

Report RTL Partitions: 
+-+--------------+------------+----------+
| |RTL Partition |Replication |Instances |
+-+--------------+------------+----------+
+-+--------------+------------+----------+
---------------------------------------------------------------------------------
Start Technology Mapping
---------------------------------------------------------------------------------
---------------------------------------------------------------------------------
Finished Technology Mapping : Time (s): cpu = 00:00:49 ; elapsed = 00:00:52 . Memory (MB): peak = 1080.508 ; gain = 712.180
---------------------------------------------------------------------------------

Report RTL Partitions: 
+-+--------------+------------+----------+
| |RTL Partition |Replication |Instances |
+-+--------------+------------+----------+
+-+--------------+------------+----------+
---------------------------------------------------------------------------------
Start IO Insertion
---------------------------------------------------------------------------------
---------------------------------------------------------------------------------
Start Flattening Before IO Insertion
---------------------------------------------------------------------------------
---------------------------------------------------------------------------------
Finished Flattening Before IO Insertion
---------------------------------------------------------------------------------
---------------------------------------------------------------------------------
Start Final Netlist Cleanup
---------------------------------------------------------------------------------
---------------------------------------------------------------------------------
Finished Final Netlist Cleanup
---------------------------------------------------------------------------------
---------------------------------------------------------------------------------
Finished IO Insertion : Time (s): cpu = 00:00:51 ; elapsed = 00:00:53 . Memory (MB): peak = 1080.508 ; gain = 712.180
---------------------------------------------------------------------------------

Report Check Netlist: 
+------+------------------+-------+---------+-------+------------------+
|      |Item              |Errors |Warnings |Status |Description       |
+------+------------------+-------+---------+-------+------------------+
|1     |multi_driven_nets |      0|        0|Passed |Multi driven nets |
+------+------------------+-------+---------+-------+------------------+
---------------------------------------------------------------------------------
Start Renaming Generated Instances
---------------------------------------------------------------------------------
---------------------------------------------------------------------------------
Finished Renaming Generated Instances : Time (s): cpu = 00:00:51 ; elapsed = 00:00:53 . Memory (MB): peak = 1080.508 ; gain = 712.180
---------------------------------------------------------------------------------

Report RTL Partitions: 
+-+--------------+------------+----------+
| |RTL Partition |Replication |Instances |
+-+--------------+------------+----------+
+-+--------------+------------+----------+
---------------------------------------------------------------------------------
Start Rebuilding User Hierarchy
---------------------------------------------------------------------------------
---------------------------------------------------------------------------------
Finished Rebuilding User Hierarchy : Time (s): cpu = 00:00:51 ; elapsed = 00:00:54 . Memory (MB): peak = 1080.508 ; gain = 712.180
---------------------------------------------------------------------------------
---------------------------------------------------------------------------------
Start Renaming Generated Ports
---------------------------------------------------------------------------------
---------------------------------------------------------------------------------
Finished Renaming Generated Ports : Time (s): cpu = 00:00:51 ; elapsed = 00:00:54 . Memory (MB): peak = 1080.508 ; gain = 712.180
---------------------------------------------------------------------------------
---------------------------------------------------------------------------------
Start Handling Custom Attributes
---------------------------------------------------------------------------------
---------------------------------------------------------------------------------
Finished Handling Custom Attributes : Time (s): cpu = 00:00:51 ; elapsed = 00:00:54 . Memory (MB): peak = 1080.508 ; gain = 712.180
---------------------------------------------------------------------------------
---------------------------------------------------------------------------------
Start Renaming Generated Nets
---------------------------------------------------------------------------------
---------------------------------------------------------------------------------
Finished Renaming Generated Nets : Time (s): cpu = 00:00:51 ; elapsed = 00:00:54 . Memory (MB): peak = 1080.508 ; gain = 712.180
---------------------------------------------------------------------------------
---------------------------------------------------------------------------------
Start Writing Synthesis Report
---------------------------------------------------------------------------------

Report BlackBoxes: 
+-+--------------+----------+
| |BlackBox name |Instances |
+-+--------------+----------+
+-+--------------+----------+

Report Cell Usage: 
+------+----------+------+
|      |Cell      |Count |
+------+----------+------+
|1     |DSP48E1   |     1|
|2     |DSP48E1_1 |     1|
|3     |LUT1      |     1|
|4     |LUT2      |    17|
|5     |LUT3      |    66|
|6     |LUT4      |    29|
|7     |LUT5      |    40|
|8     |LUT6      |    31|
|9     |LUT6_2    |     7|
|10    |MUXCY     |    34|
|11    |SRL16E    |     1|
|12    |XORCY     |    13|
|13    |FDE       |     3|
|14    |FDRE      |   301|
+------+----------+------+
---------------------------------------------------------------------------------
Finished Writing Synthesis Report : Time (s): cpu = 00:00:51 ; elapsed = 00:00:54 . Memory (MB): peak = 1080.508 ; gain = 712.180
---------------------------------------------------------------------------------
Synthesis finished with 0 errors, 0 critical warnings and 109 warnings.
Synthesis Optimization Runtime : Time (s): cpu = 00:00:26 ; elapsed = 00:00:40 . Memory (MB): peak = 1080.508 ; gain = 326.148
Synthesis Optimization Complete : Time (s): cpu = 00:00:51 ; elapsed = 00:00:54 . Memory (MB): peak = 1080.508 ; gain = 712.180
INFO: [Project 1-571] Translating synthesized netlist
INFO: [Netlist 29-17] Analyzing 59 Unisim elements for replacement
INFO: [Netlist 29-28] Unisim Transformation completed in 0 CPU seconds
INFO: [Project 1-570] Preparing netlist for logic optimization
INFO: [Opt 31-138] Pushed 0 inverter(s) to 0 load pin(s).
Netlist sorting complete. Time (s): cpu = 00:00:00 ; elapsed = 00:00:00 . Memory (MB): peak = 1080.508 ; gain = 0.000
INFO: [Project 1-111] Unisim Transformation Summary:
  A total of 21 instances were transformed.
  (MUXCY,XORCY) => CARRY4: 11 instances
  FDE => FDRE: 3 instances
  LUT6_2 => LUT6_2 (LUT5, LUT6): 7 instances

INFO: [Common 17-83] Releasing license: Synthesis
36 Infos, 101 Warnings, 0 Critical Warnings and 0 Errors encountered.
synth_design completed successfully
synth_design: Time (s): cpu = 00:00:56 ; elapsed = 00:00:58 . Memory (MB): peak = 1080.508 ; gain = 723.645
INFO: [Coretcl 2-1174] Renamed 86 cell refs.
Netlist sorting complete. Time (s): cpu = 00:00:00 ; elapsed = 00:00:00.001 . Memory (MB): peak = 1080.508 ; gain = 0.000
WARNING: [Constraints 18-5210] No constraints selected for write.
Resolution: This message can indicate that there are no constraints for the design, or it can indicate that the used_in flags are set such that the constraints are ignored. This later case is used when running synth_design to not write synthesis constraints to the resulting checkpoint. Instead, project constraints are read when the synthesized design is opened.
INFO: [Common 17-1381] The checkpoint 'D:/Project/verilog_pro/softmax/prj1/softmax/softmax.runs/floating_point_1_synth_1/floating_point_1.dcp' has been generated.
INFO: [runtcl-4] Executing : report_utilization -file floating_point_1_utilization_synth.rpt -pb floating_point_1_utilization_synth.pb
INFO: [Common 17-206] Exiting Vivado at Tue Jan 14 10:53:20 2020...
